Watching for file changes with StatReloader
Waiting for apps ready_event.
Apps ready_event triggered. Sending autoreload_started signal.
Watching dir C:\Users\Usama\Desktop\property-managment\templates with glob **/*.
Watching dir C:\Users\Usama\Desktop\property-managment\locale with glob **/*.mo.
Watching dir C:\Users\Usama\Desktop\property-managment\dashboard\locale with glob **/*.mo.
Watching dir C:\Users\Usama\Desktop\property-managment\property\locale with glob **/*.mo.
Watching dir C:\Users\Usama\Desktop\property-managment\account\locale with glob **/*.mo.
File C:\Users\Usama\anaconda3\Lib\asyncio\runners.py first seen with mtime 1613730521.0
File C:\Users\Usama\Desktop\property-managment\venv\Lib\site-packages\django\contrib\auth\forms.py first seen with mtime 1634727769.5594702
File C:\Users\Usama\Desktop\property-managment\venv\Lib\site-packages\django\contrib\staticfiles\management\commands\runserver.py first seen with mtime 1634727771.6666832
File C:\Users\Usama\anaconda3\Lib\ssl.py first seen with mtime 1613730521.0
File C:\Users\Usama\Desktop\property-managment\venv\Lib\site-packages\django\db\backends\postgresql\introspection.py first seen with mtime 1634727771.781646
File C:\Users\Usama\Desktop\property-managment\venv\Lib\site-packages\celery\app\utils.py first seen with mtime 1637235530.6668844
File C:\Users\Usama\Desktop\property-managment\venv\Lib\site-packages\colorama\ansi.py first seen with mtime 1637235527.3322372
File C:\Users\Usama\Desktop\property-managment\venv\Lib\site-packages\django\utils\text.py first seen with mtime 1634727771.9825819
File C:\Users\Usama\Desktop\property-managment\venv\Lib\site-packages\celery\utils\dispatch\__init__.py first seen with mtime 1637235530.748859
File C:\Users\Usama\Desktop\property-managment\venv\Lib\site-packages\django\db\backends\__init__.py first seen with mtime 1634727771.7476568
File C:\Users\Usama\Desktop\property-managment\venv\Lib\site-packages\django\utils\version.py first seen with mtime 1634727771.9865804
File C:\Users\Usama\Desktop\property-managment\venv\Lib\site-packages\django\contrib\sessions\__init__.py first seen with mtime 1634727771.0638685
File C:\Users\Usama\Desktop\property-managment\venv\Lib\site-packages\sqlparse\keywords.py first seen with mtime 1634727768.037638
File C:\Users\Usama\Desktop\property-managment\venv\Lib\site-packages\django\views\__init__.py first seen with mtime 1634727771.9925787
File C:\Users\Usama\Desktop\property-managment\venv\Lib\site-packages\click\globals.py first seen with mtime 1637235527.4169185
File C:\Users\Usama\Desktop\property-managment\venv\Lib\site-packages\sqlparse\__init__.py first seen with mtime 1634727768.033639
File C:\Users\Usama\anaconda3\Lib\calendar.py first seen with mtime 1613730521.0
File C:\Users\Usama\Desktop\property-managment\venv\Lib\site-packages\django\contrib\sessions\backends\base.py first seen with mtime 1634727771.0698667
File C:\Users\Usama\anaconda3\Lib\struct.py first seen with mtime 1613730521.0
File C:\Users\Usama\Desktop\property-managment\venv\Lib\site-packages\django\contrib\auth\tokens.py first seen with mtime 1634727769.5644686
File C:\Users\Usama\anaconda3\Lib\email\_policybase.py first seen with mtime 1613730521.0
File C:\Users\Usama\Desktop\property-managment\venv\Lib\site-packages\django\db\models\__init__.py first seen with mtime 1634727771.806638
File C:\Users\Usama\anaconda3\Lib\json\__init__.py first seen with mtime 1613730521.0
File C:\Users\Usama\anaconda3\Lib\wsgiref\handlers.py first seen with mtime 1613730521.0
File C:\Users\Usama\anaconda3\DLLs\_socket.pyd first seen with mtime 1618344531.0
File C:\Users\Usama\Desktop\property-managment\venv\Lib\site-packages\django\contrib\admin\templatetags\admin_modify.py first seen with mtime 1634727769.346218
File C:\Users\Usama\Desktop\property-managment\venv\Lib\site-packages\django\core\files\locks.py first seen with mtime 1634727771.6956732
File C:\Users\Usama\anaconda3\Lib\hmac.py first seen with mtime 1613730521.0
File C:\Users\Usama\Desktop\property-managment\venv\Lib\site-packages\django\db\models\functions\window.py first seen with mtime 1634727771.8336294
File C:\Users\Usama\anaconda3\Lib\email\message.py first seen with mtime 1613730521.0
File C:\Users\Usama\anaconda3\DLLs\_bz2.pyd first seen with mtime 1618344533.0
File C:\Users\Usama\Desktop\property-managment\venv\Lib\site-packages\django\utils\asyncio.py first seen with mtime 1634727771.95659
File C:\Users\Usama\Desktop\property-managment\venv\Lib\site-packages\django\core\handlers\exception.py first seen with mtime 1634727771.703671
File C:\Users\Usama\anaconda3\Lib\heapq.py first seen with mtime 1613730521.0
File C:\Users\Usama\Desktop\property-managment\venv\Lib\site-packages\dotenv.py first seen with mtime 1637687061.5347414
File C:\Users\Usama\Desktop\property-managment\venv\Lib\site-packages\celery\fixups\__init__.py first seen with mtime 1637235530.7228668
File C:\Users\Usama\Desktop\property-managment\venv\Lib\site-packages\django\core\checks\templates.py first seen with mtime 1634727771.687676
File C:\Users\Usama\anaconda3\Lib\pprint.py first seen with mtime 1613730521.0
File C:\Users\Usama\Desktop\property-managment\venv\Lib\site-packages\django\core\handlers\asgi.py first seen with mtime 1634727771.701672
File C:\Users\Usama\anaconda3\Lib\asyncio\format_helpers.py first seen with mtime 1613730521.0
File C:\Users\Usama\Desktop\property-managment\venv\Lib\site-packages\django\db\backends\base\creation.py first seen with mtime 1634727771.7536547
File C:\Users\Usama\Desktop\property-managment\venv\Lib\site-packages\django\core\mail\message.py first seen with mtime 1634727771.7066703
File C:\Users\Usama\Desktop\property-managment\venv\Lib\site-packages\kombu\resource.py first seen with mtime 1637235528.2406569
File C:\Users\Usama\anaconda3\Lib\keyword.py first seen with mtime 1613730521.0
File C:\Users\Usama\Desktop\property-managment\venv\Lib\site-packages\kombu\utils\encoding.py first seen with mtime 1637235528.2746458
File C:\Users\Usama\Desktop\property-managment\venv\Lib\site-packages\django\utils\tree.py first seen with mtime 1634727771.9865804
File C:\Users\Usama\anaconda3\Lib\sre_compile.py first seen with mtime 1613730521.0
File C:\Users\Usama\Desktop\property-managment\venv\Lib\site-packages\django\http\cookie.py first seen with mtime 1634727771.9006076
File C:\Users\Usama\anaconda3\DLLs\_decimal.pyd first seen with mtime 1618344527.0
File C:\Users\Usama\anaconda3\Lib\asyncio\coroutines.py first seen with mtime 1613730521.0
File C:\Users\Usama\Desktop\property-managment\venv\Lib\site-packages\django\contrib\messages\api.py first seen with mtime 1634727770.695987
File C:\Users\Usama\Desktop\property-managment\venv\Lib\site-packages\django\core\files\storage.py first seen with mtime 1634727771.6976728
File C:\Users\Usama\anaconda3\Lib\multiprocessing\util.py first seen with mtime 1613730521.0
File C:\Users\Usama\Desktop\property-managment\venv\Lib\site-packages\sqlparse\filters\output.py first seen with mtime 1634727768.048635
File C:\Users\Usama\Desktop\property-managment\venv\Lib\site-packages\django\template\library.py first seen with mtime 1634727771.9255993
File C:\Users\Usama\anaconda3\Lib\email\generator.py first seen with mtime 1613730521.0
File C:\Users\Usama\Desktop\property-managment\venv\Lib\site-packages\django\core\wsgi.py first seen with mtime 1634727771.67468
File C:\Users\Usama\anaconda3\Lib\unittest\loader.py first seen with mtime 1613730521.0
File C:\Users\Usama\Desktop\property-managment\venv\Lib\site-packages\django\views\decorators\debug.py first seen with mtime 1634727772.0005758
File C:\Users\Usama\anaconda3\Lib\email\mime\__init__.py first seen with mtime 1613730521.0
File C:\Users\Usama\Desktop\property-managment\venv\Lib\site-packages\django\core\files\uploadedfile.py first seen with mtime 1634727771.6986728
File C:\Users\Usama\anaconda3\Lib\zipfile.py first seen with mtime 1613730521.0
File C:\Users\Usama\Desktop\property-managment\venv\Lib\site-packages\django\db\models\deletion.py first seen with mtime 1634727771.8106365
File C:\Users\Usama\anaconda3\Lib\pkgutil.py first seen with mtime 1613730521.0
File C:\Users\Usama\anaconda3\Lib\codecs.py first seen with mtime 1613730521.0
File C:\Users\Usama\Desktop\property-managment\venv\Lib\site-packages\django\http\response.py first seen with mtime 1634727771.9086058
File C:\Users\Usama\Desktop\property-managment\venv\Lib\site-packages\django\contrib\admin\actions.py first seen with mtime 1634727768.7584074
File C:\Users\Usama\Desktop\property-managment\venv\Lib\site-packages\django\contrib\admin\options.py first seen with mtime 1634727768.7674043
File C:\Users\Usama\Desktop\property-managment\venv\Lib\site-packages\django\contrib\staticfiles\views.py first seen with mtime 1634727771.6626842
File C:\Users\Usama\Desktop\property-managment\venv\Lib\site-packages\django\core\servers\__init__.py first seen with mtime 1634727771.7436583
File C:\Users\Usama\Desktop\property-managment\venv\Lib\site-packages\sqlparse\sql.py first seen with mtime 1634727768.0396378
File C:\Users\Usama\anaconda3\DLLs\unicodedata.pyd first seen with mtime 1618344530.0
File C:\Users\Usama\anaconda3\Lib\asyncio\windows_utils.py first seen with mtime 1613730521.0
File C:\Users\Usama\Desktop\property-managment\venv\Lib\site-packages\django\db\migrations\exceptions.py first seen with mtime 1634727771.7926426
File C:\Users\Usama\Desktop\property-managment\venv\Lib\site-packages\django\template\loaders\filesystem.py first seen with mtime 1634727771.9375958
File C:\Users\Usama\Desktop\property-managment\venv\Lib\site-packages\django\db\backends\postgresql\base.py first seen with mtime 1634727771.7786465
File C:\Users\Usama\Desktop\property-managment\venv\Lib\site-packages\django\views\decorators\common.py first seen with mtime 1634727771.9995759
File C:\Users\Usama\Desktop\property-managment\venv\Lib\site-packages\billiard\util.py first seen with mtime 1637235527.6688564
File C:\Users\Usama\anaconda3\Lib\importlib\metadata.py first seen with mtime 1613730521.0
File C:\Users\Usama\anaconda3\Lib\io.py first seen with mtime 1613730521.0
File C:\Users\Usama\Desktop\property-managment\venv\Lib\site-packages\kombu\entity.py first seen with mtime 1637235528.2336593
File C:\Users\Usama\Desktop\property-managment\venv\Lib\site-packages\celery\utils\functional.py first seen with mtime 1637235530.7348626
File C:\Users\Usama\Desktop\property-managment\venv\Lib\site-packages\kombu\log.py first seen with mtime 1637235528.2346585
File C:\Users\Usama\Desktop\property-managment\venv\Lib\site-packages\django\db\models\indexes.py first seen with mtime 1634727771.8136358
File C:\Users\Usama\Desktop\property-managment\venv\Lib\site-packages\click\termui.py first seen with mtime 1637235527.4199173
File C:\Users\Usama\anaconda3\Lib\secrets.py first seen with mtime 1613730521.0
File C:\Users\Usama\Desktop\property-managment\venv\Lib\site-packages\django\contrib\sessions\apps.py first seen with mtime 1634727771.0648685
File C:\Users\Usama\Desktop\property-managment\venv\Lib\site-packages\django\db\models\query.py first seen with mtime 1634727771.8176343
File C:\Users\Usama\anaconda3\Lib\asyncio\subprocess.py first seen with mtime 1613730521.0
File C:\Users\Usama\anaconda3\Lib\json\decoder.py first seen with mtime 1613730521.0
File C:\Users\Usama\Desktop\property-managment\venv\Lib\site-packages\amqp\protocol.py first seen with mtime 1637235528.0587146
File C:\Users\Usama\anaconda3\Lib\fnmatch.py first seen with mtime 1613730521.0
File C:\Users\Usama\Desktop\property-managment\venv\Lib\site-packages\amqp\sasl.py first seen with mtime 1637235528.0587146
File C:\Users\Usama\Desktop\property-managment\property\admin.py first seen with mtime 1636563605.6693943
File C:\Users\Usama\Desktop\property-managment\venv\Lib\site-packages\django\core\exceptions.py first seen with mtime 1634727771.6706815
File C:\Users\Usama\Desktop\property-managment\venv\Lib\site-packages\django\utils\timezone.py first seen with mtime 1634727771.984581
File C:\Users\Usama\anaconda3\Lib\email\quoprimime.py first seen with mtime 1613730521.0
File C:\Users\Usama\anaconda3\Lib\wsgiref\headers.py first seen with mtime 1613730521.0
File C:\Users\Usama\Desktop\property-managment\venv\Lib\site-packages\django\apps\config.py first seen with mtime 1634727768.352537
File C:\Users\Usama\Desktop\property-managment\venv\Lib\site-packages\sqlparse\filters\others.py first seen with mtime 1634727768.048635
File C:\Users\Usama\Desktop\property-managment\venv\Lib\site-packages\django\views\csrf.py first seen with mtime 1634727771.9935782
File C:\Users\Usama\Desktop\property-managment\venv\Lib\site-packages\django\core\checks\caches.py first seen with mtime 1634727771.6836772
File C:\Users\Usama\Desktop\property-managment\dashboard\views.py first seen with mtime 1636404896.6652577
File C:\Users\Usama\anaconda3\Lib\multiprocessing\process.py first seen with mtime 1613730521.0
File C:\Users\Usama\anaconda3\Lib\unittest\signals.py first seen with mtime 1613730521.0
File C:\Users\Usama\Desktop\property-managment\venv\Lib\site-packages\django\contrib\auth\models.py first seen with mtime 1634727769.562469
File C:\Users\Usama\Desktop\property-managment\venv\Lib\site-packages\django\contrib\contenttypes\views.py first seen with mtime 1634727769.819268
File C:\Users\Usama\Desktop\property-managment\venv\Lib\site-packages\django\views\generic\list.py first seen with mtime 1634727772.0105724
File C:\Users\Usama\Desktop\property-managment\venv\Lib\site-packages\kombu\utils\json.py first seen with mtime 1637235528.2776444
(0.047) 
            SELECT c.relname,
            CASE WHEN c.relispartition THEN 'p' WHEN c.relkind IN ('m', 'v') THEN 'v' ELSE 't' END
            FROM pg_catalog.pg_class c
            LEFT JOIN pg_catalog.pg_namespace n ON n.oid = c.relnamespace
            WHERE c.relkind IN ('f', 'm', 'p', 'r', 'v')
                AND n.nspname NOT IN ('pg_catalog', 'pg_toast')
                AND pg_catalog.pg_table_is_visible(c.oid)
        ; args=None
File C:\Users\Usama\anaconda3\Lib\email\parser.py first seen with mtime 1613730521.0
File C:\Users\Usama\Desktop\property-managment\venv\Lib\site-packages\django\template\base.py first seen with mtime 1634727771.9196014
File C:\Users\Usama\Desktop\property-managment\venv\Lib\site-packages\django\db\migrations\operations\utils.py first seen with mtime 1634727771.8056388
File C:\Users\Usama\anaconda3\Lib\configparser.py first seen with mtime 1613730521.0
File C:\Users\Usama\Desktop\property-managment\venv\Lib\site-packages\sqlparse\filters\right_margin.py first seen with mtime 1634727768.0506341
File C:\Users\Usama\Desktop\property-managment\venv\Lib\site-packages\django\http\request.py first seen with mtime 1634727771.9086058
File C:\Users\Usama\anaconda3\Lib\inspect.py first seen with mtime 1613730521.0
File C:\Users\Usama\Desktop\property-managment\venv\Lib\site-packages\asgiref\sync.py first seen with mtime 1634727767.3312705
File C:\Users\Usama\Desktop\property-managment\venv\Lib\site-packages\django\utils\html.py first seen with mtime 1634727771.9735847
(0.000) SELECT "django_migrations"."id", "django_migrations"."app", "django_migrations"."name", "django_migrations"."applied" FROM "django_migrations"; args=()
File C:\Users\Usama\Desktop\property-managment\venv\Lib\site-packages\kombu\abstract.py first seen with mtime 1637235528.2286603
File C:\Users\Usama\Desktop\property-managment\venv\Lib\site-packages\colorama\winterm.py first seen with mtime 1637235527.3362305
File C:\Users\Usama\Desktop\property-managment\venv\Lib\site-packages\celery\utils\time.py first seen with mtime 1637235530.7448602
File C:\Users\Usama\anaconda3\Lib\ntpath.py first seen with mtime 1613730521.0
File C:\Users\Usama\anaconda3\Lib\gzip.py first seen with mtime 1613730521.0
File C:\Users\Usama\Desktop\property-managment\venv\Lib\site-packages\django\urls\converters.py first seen with mtime 1634727771.9515915
File C:\Users\Usama\Desktop\property-managment\property\forms.py first seen with mtime 1637058049.385233
File C:\Users\Usama\Desktop\property-managment\venv\Lib\site-packages\kombu\messaging.py first seen with mtime 1637235528.2376575
File C:\Users\Usama\Desktop\property-managment\venv\Lib\site-packages\django\contrib\sites\__init__.py first seen with mtime 1634727771.2837982
File C:\Users\Usama\Desktop\property-managment\venv\Lib\site-packages\billiard\process.py first seen with mtime 1637235527.6628408
File C:\Users\Usama\anaconda3\Lib\asyncio\base_events.py first seen with mtime 1613730521.0
File C:\Users\Usama\Desktop\property-managment\venv\Lib\site-packages\celery\app\registry.py first seen with mtime 1637235530.6628857
File C:\Users\Usama\Desktop\property-managment\venv\Lib\site-packages\django\contrib\sessions\middleware.py first seen with mtime 1634727771.0678673
File C:\Users\Usama\Desktop\property-managment\venv\Lib\site-packages\django\utils\translation\reloader.py first seen with mtime 1634727771.9895792
File C:\Users\Usama\Desktop\property-managment\venv\Lib\site-packages\django\contrib\admin\checks.py first seen with mtime 1634727768.7594066
File C:\Users\Usama\Desktop\property-managment\venv\Lib\site-packages\pytz\__init__.py first seen with mtime 1634727767.4588237
File C:\Users\Usama\Desktop\property-managment\venv\Lib\site-packages\django\contrib\sites\shortcuts.py first seen with mtime 1634727771.290796
File C:\Users\Usama\anaconda3\Lib\wsgiref\util.py first seen with mtime 1613730521.0
File C:\Users\Usama\anaconda3\Lib\types.py first seen with mtime 1613730521.0
File C:\Users\Usama\anaconda3\Lib\multiprocessing\__init__.py first seen with mtime 1613730521.0
File C:\Users\Usama\anaconda3\Lib\asyncio\exceptions.py first seen with mtime 1613730521.0
File C:\Users\Usama\Desktop\property-managment\venv\Lib\site-packages\django\contrib\__init__.py first seen with mtime 1634727768.7564082
File C:\Users\Usama\anaconda3\Lib\abc.py first seen with mtime 1613730521.0
File C:\Users\Usama\Desktop\property-managment\venv\Lib\site-packages\click\_unicodefun.py first seen with mtime 1637235527.41192
File C:\Users\Usama\Desktop\property-managment\venv\Lib\site-packages\kombu\serialization.py first seen with mtime 1637235528.2406569
File C:\Users\Usama\Desktop\property-managment\venv\Lib\site-packages\django\db\backends\postgresql\__init__.py first seen with mtime 1634727771.7776475
File C:\Users\Usama\Desktop\property-managment\venv\Lib\site-packages\django\contrib\staticfiles\management\__init__.py first seen with mtime 1634727771.6636841
File C:\Users\Usama\anaconda3\Lib\argparse.py first seen with mtime 1613730521.0
File C:\Users\Usama\Desktop\property-managment\venv\Lib\site-packages\pytz\tzfile.py first seen with mtime 1634727767.461823
File C:\Users\Usama\Desktop\property-managment\venv\Lib\site-packages\sqlparse\engine\grouping.py first seen with mtime 1634727768.043636
File C:\Users\Usama\Desktop\property-managment\venv\Lib\site-packages\vine\synchronization.py first seen with mtime 1637235527.9657438
File C:\Users\Usama\Desktop\property-managment\venv\Lib\site-packages\billiard\five.py first seen with mtime 1637235527.6568582
File C:\Users\Usama\Desktop\property-managment\venv\Lib\site-packages\django\contrib\admin\widgets.py first seen with mtime 1634727768.7714038
File C:\Users\Usama\Desktop\property-managment\venv\Lib\site-packages\django\core\files\uploadhandler.py first seen with mtime 1634727771.6996722
File C:\Users\Usama\Desktop\property-managment\venv\Lib\site-packages\django\core\files\base.py first seen with mtime 1634727771.6946743
File C:\Users\Usama\anaconda3\Lib\signal.py first seen with mtime 1613730521.0
File C:\Users\Usama\Desktop\property-managment\venv\Lib\site-packages\sqlparse\filters\tokens.py first seen with mtime 1634727768.0516336
File C:\Users\Usama\anaconda3\Lib\traceback.py first seen with mtime 1613730521.0
File C:\Users\Usama\Desktop\property-managment\venv\Lib\site-packages\django\template\backends\django.py first seen with mtime 1634727771.9315977
File C:\Users\Usama\Desktop\property-managment\venv\Lib\site-packages\celery\fixups\django.py first seen with mtime 1637235530.7238667
File C:\Users\Usama\anaconda3\Lib\typing.py first seen with mtime 1613730521.0
File C:\Users\Usama\Desktop\property-managment\venv\Lib\site-packages\billiard\__init__.py first seen with mtime 1637235527.6498601
File C:\Users\Usama\Desktop\property-managment\venv\Lib\site-packages\django\middleware\security.py first seen with mtime 1634727771.9166026
File C:\Users\Usama\anaconda3\DLLs\_queue.pyd first seen with mtime 1618344525.0
File C:\Users\Usama\Desktop\property-managment\property\urls.py first seen with mtime 1637001034.5368252
File C:\Users\Usama\Desktop\property-managment\venv\Lib\site-packages\django\db\backends\postgresql\features.py first seen with mtime 1634727771.780646
File C:\Users\Usama\anaconda3\DLLs\select.pyd first seen with mtime 1618344527.0
File C:\Users\Usama\Desktop\property-managment\venv\Lib\site-packages\vine\promises.py first seen with mtime 1637235527.964744
File C:\Users\Usama\Desktop\property-managment\venv\Lib\site-packages\asgiref\current_thread_executor.py first seen with mtime 1634727767.3272903
File C:\Users\Usama\anaconda3\Lib\encodings\latin_1.py first seen with mtime 1613730521.0
File C:\Users\Usama\anaconda3\Lib\distutils\__init__.py first seen with mtime 1613730521.0
File C:\Users\Usama\Desktop\property-managment\venv\Lib\site-packages\django\template\loaders\app_directories.py first seen with mtime 1634727771.9345968
File C:\Users\Usama\Desktop\property-managment\venv\Lib\site-packages\kombu\pools.py first seen with mtime 1637235528.2396576
File C:\Users\Usama\Desktop\property-managment\venv\Lib\site-packages\click\_compat.py first seen with mtime 1637235527.4089212
File C:\Users\Usama\Desktop\property-managment\venv\Lib\site-packages\django\utils\timesince.py first seen with mtime 1634727771.9835813
File C:\Users\Usama\Desktop\property-managment\venv\Lib\site-packages\django\forms\__init__.py first seen with mtime 1634727771.8426266
File C:\Users\Usama\Desktop\property-managment\venv\Lib\site-packages\django\db\migrations\migration.py first seen with mtime 1634727771.795642
File C:\Users\Usama\Desktop\property-managment\venv\Lib\site-packages\django\utils\datetime_safe.py first seen with mtime 1634727771.9645872
File C:\Users\Usama\anaconda3\Lib\tempfile.py first seen with mtime 1613730521.0
File C:\Users\Usama\Desktop\property-managment\venv\Lib\site-packages\celery\utils\log.py first seen with mtime 1637235530.737862
File C:\Users\Usama\Desktop\property-managment\venv\Lib\site-packages\amqp\basic_message.py first seen with mtime 1637235528.0527167
File C:\Users\Usama\Desktop\property-managment\venv\Lib\site-packages\django\forms\fields.py first seen with mtime 1634727771.8446257
File C:\Users\Usama\anaconda3\Lib\html\entities.py first seen with mtime 1613730521.0
File C:\Users\Usama\anaconda3\Lib\re.py first seen with mtime 1613730521.0
File C:\Users\Usama\Desktop\property-managment\venv\Lib\site-packages\django\db\migrations\operations\models.py first seen with mtime 1634727771.8036392
File C:\Users\Usama\Desktop\property-managment\venv\Lib\site-packages\click\core.py first seen with mtime 1637235527.4139197
File C:\Users\Usama\Desktop\property-managment\venv\Lib\site-packages\django\contrib\sessions\base_session.py first seen with mtime 1634727771.065868
File C:\Users\Usama\Desktop\property-managment\venv\Lib\site-packages\vine\funtools.py first seen with mtime 1637235527.964744
File C:\Users\Usama\Desktop\property-managment\venv\Lib\site-packages\django\db\models\sql\constants.py first seen with mtime 1634727771.8356287
File C:\Users\Usama\Desktop\property-managment\venv\Lib\site-packages\django\core\validators.py first seen with mtime 1634727771.67468
File C:\Users\Usama\Desktop\property-managment\venv\Lib\site-packages\django\db\backends\base\introspection.py first seen with mtime 1634727771.755654
File C:\Users\Usama\Desktop\property-managment\venv\Lib\site-packages\kombu\compression.py first seen with mtime 1637235528.2316597
File C:\Users\Usama\Desktop\property-managment\venv\Lib\site-packages\sqlparse\filters\aligned_indent.py first seen with mtime 1634727768.047635
File C:\Users\Usama\anaconda3\Lib\logging\config.py first seen with mtime 1613730521.0
File C:\Users\Usama\anaconda3\Lib\importlib\abc.py first seen with mtime 1613730521.0
File C:\Users\Usama\anaconda3\Lib\urllib\response.py first seen with mtime 1613730521.0
File C:\Users\Usama\Desktop\property-managment\venv\Lib\site-packages\django\__init__.py first seen with mtime 1634727768.349538
File C:\Users\Usama\Desktop\property-managment\venv\Lib\site-packages\kombu\utils\__init__.py first seen with mtime 1637235528.2706468
File C:\Users\Usama\Desktop\property-managment\venv\Lib\site-packages\sqlparse\engine\filter_stack.py first seen with mtime 1634727768.0426366
File C:\Users\Usama\Desktop\property-managment\dashboard\models.py first seen with mtime 1634728331.8362675
File C:\Users\Usama\Desktop\property-managment\venv\Lib\site-packages\django\contrib\sites\apps.py first seen with mtime 1634727771.284798
File C:\Users\Usama\Desktop\property-managment\venv\Lib\site-packages\django\http\__init__.py first seen with mtime 1634727771.8996081
File C:\Users\Usama\Desktop\property-managment\venv\Lib\site-packages\click\types.py first seen with mtime 1637235527.4209168
File C:\Users\Usama\Desktop\property-managment\venv\Lib\site-packages\django\shortcuts.py first seen with mtime 1634727768.351537
File C:\Users\Usama\Desktop\property-managment\venv\Lib\site-packages\django\contrib\contenttypes\models.py first seen with mtime 1634727769.819268
File C:\Users\Usama\Desktop\property-managment\venv\Lib\site-packages\celery\exceptions.py first seen with mtime 1637235530.6478903
File C:\Users\Usama\Desktop\property-managment\venv\Lib\site-packages\amqp\__init__.py first seen with mtime 1637235528.0517166
File C:\Users\Usama\Desktop\property-managment\venv\Lib\site-packages\celery\app\autoretry.py first seen with mtime 1637235530.655888
File C:\Users\Usama\Desktop\property-managment\venv\Lib\site-packages\django\core\mail\utils.py first seen with mtime 1634727771.7066703
File C:\Users\Usama\anaconda3\Lib\email\mime\multipart.py first seen with mtime 1613730521.0
File C:\Users\Usama\anaconda3\Lib\asyncio\events.py first seen with mtime 1613730521.0
File C:\Users\Usama\anaconda3\DLLs\_ctypes.pyd first seen with mtime 1618344532.0
File C:\Users\Usama\Desktop\property-managment\venv\Lib\site-packages\django\template\utils.py first seen with mtime 1634727771.9295983
File C:\Users\Usama\Desktop\property-managment\venv\Lib\site-packages\django\contrib\messages\constants.py first seen with mtime 1634727770.6969862
File C:\Users\Usama\Desktop\property-managment\venv\Lib\site-packages\celery\loaders\app.py first seen with mtime 1637235530.7248664
File C:\Users\Usama\anaconda3\Lib\wsgiref\__init__.py first seen with mtime 1613730521.0
File C:\Users\Usama\Desktop\property-managment\venv\Lib\site-packages\django\db\transaction.py first seen with mtime 1634727771.7466574
File C:\Users\Usama\Desktop\property-managment\venv\Lib\site-packages\django\templatetags\l10n.py first seen with mtime 1634727771.9405947
File C:\Users\Usama\Desktop\property-managment\venv\Lib\site-packages\click\utils.py first seen with mtime 1637235527.4219165
File C:\Users\Usama\Desktop\property-managment\venv\Lib\site-packages\django\core\files\__init__.py first seen with mtime 1634727771.6936738
File C:\Users\Usama\Desktop\property-managment\venv\Lib\site-packages\django\core\checks\messages.py first seen with mtime 1634727771.6856763
File C:\Users\Usama\Desktop\property-managment\venv\Lib\site-packages\django\utils\dateformat.py first seen with mtime 1634727771.9625883
File C:\Users\Usama\Desktop\property-managment\venv\Lib\site-packages\django\utils\numberformat.py first seen with mtime 1634727771.9795823
File C:\Users\Usama\anaconda3\Lib\subprocess.py first seen with mtime 1613730521.0
File C:\Users\Usama\Desktop\property-managment\venv\Lib\site-packages\django\utils\inspect.py first seen with mtime 1634727771.974584
File C:\Users\Usama\anaconda3\Lib\asyncio\transports.py first seen with mtime 1613730521.0
File C:\Users\Usama\Desktop\property-managment\venv\Lib\site-packages\django\conf\locale\__init__.py first seen with mtime 1634727768.361534
File C:\Users\Usama\Desktop\property-managment\venv\Lib\site-packages\django\db\backends\postgresql\schema.py first seen with mtime 1634727771.7826455
File C:\Users\Usama\Desktop\property-managment\venv\Lib\site-packages\django\db\models\enums.py first seen with mtime 1634727771.8116367
File C:\Users\Usama\anaconda3\Lib\textwrap.py first seen with mtime 1613730521.0
File C:\Users\Usama\Desktop\property-managment\venv\Lib\site-packages\django\utils\datastructures.py first seen with mtime 1634727771.9615884
File C:\Users\Usama\anaconda3\Lib\difflib.py first seen with mtime 1613730521.0
File C:\Users\Usama\Desktop\property-managment\venv\Lib\site-packages\django\contrib\sites\checks.py first seen with mtime 1634727771.2857976
File C:\Users\Usama\anaconda3\Lib\ctypes\wintypes.py first seen with mtime 1613730521.0
File C:\Users\Usama\anaconda3\Lib\string.py first seen with mtime 1613730521.0
File C:\Users\Usama\anaconda3\Lib\unittest\suite.py first seen with mtime 1613730521.0
File C:\Users\Usama\Desktop\property-managment\venv\Lib\site-packages\vine\__init__.py first seen with mtime 1637235527.9627452
File C:\Users\Usama\Desktop\property-managment\venv\Lib\site-packages\django\utils\__init__.py first seen with mtime 1634727771.9545908
File C:\Users\Usama\anaconda3\Lib\random.py first seen with mtime 1613730521.0
File C:\Users\Usama\anaconda3\Lib\contextlib.py first seen with mtime 1613730521.0
File C:\Users\Usama\Desktop\property-managment\venv\Lib\site-packages\django\core\cache\backends\filebased.py first seen with mtime 1634727771.6796784
File C:\Users\Usama\anaconda3\Lib\sre_parse.py first seen with mtime 1613730521.0
File C:\Users\Usama\anaconda3\Lib\http\cookies.py first seen with mtime 1613730521.0
File C:\Users\Usama\Desktop\property-managment\venv\Lib\site-packages\kombu\utils\collections.py first seen with mtime 1637235528.2716475
File C:\Users\Usama\Desktop\property-managment\property\models.py first seen with mtime 1637053945.1824107
File C:\Users\Usama\Desktop\property-managment\venv\Lib\site-packages\django\core\cache\__init__.py first seen with mtime 1634727771.67568
File C:\Users\Usama\anaconda3\Lib\html\__init__.py first seen with mtime 1613730521.0
File C:\Users\Usama\Desktop\property-managment\venv\Lib\site-packages\django\urls\__init__.py first seen with mtime 1634727771.9495919
File C:\Users\Usama\anaconda3\Lib\urllib\request.py first seen with mtime 1613730521.0
File C:\Users\Usama\anaconda3\Lib\unittest\util.py first seen with mtime 1613730521.0
File C:\Users\Usama\Desktop\property-managment\venv\Lib\site-packages\django\contrib\auth\base_user.py first seen with mtime 1634727769.5544715
File C:\Users\Usama\anaconda3\Lib\enum.py first seen with mtime 1613730521.0
File C:\Users\Usama\Desktop\property-managment\venv\Lib\site-packages\celery\_state.py first seen with mtime 1637235530.6438918
File C:\Users\Usama\anaconda3\Lib\asyncio\futures.py first seen with mtime 1613730521.0
File C:\Users\Usama\Desktop\property-managment\venv\Lib\site-packages\django\core\signals.py first seen with mtime 1634727771.672681
File C:\Users\Usama\Desktop\property-managment\venv\Lib\site-packages\django\contrib\auth\validators.py first seen with mtime 1634727769.5654683
File C:\Users\Usama\Desktop\property-managment\venv\Lib\site-packages\django\db\backends\base\base.py first seen with mtime 1634727771.7516558
File C:\Users\Usama\Desktop\property-managment\venv\Lib\site-packages\django\views\generic\base.py first seen with mtime 1634727772.0065742
File C:\Users\Usama\Desktop\property-managment\venv\Lib\site-packages\django\contrib\admin\views\__init__.py first seen with mtime 1634727769.3492172
File C:\Users\Usama\anaconda3\Lib\_compression.py first seen with mtime 1613730521.0
File C:\Users\Usama\Desktop\property-managment\venv\Lib\site-packages\django\dispatch\dispatcher.py first seen with mtime 1634727771.8416271
File C:\Users\Usama\anaconda3\Lib\weakref.py first seen with mtime 1613730521.0
File C:\Users\Usama\Desktop\property-managment\venv\Lib\site-packages\django\core\checks\__init__.py first seen with mtime 1634727771.6826777
File C:\Users\Usama\Desktop\property-managment\venv\Lib\site-packages\django\core\checks\async_checks.py first seen with mtime 1634727771.6836772
File C:\Users\Usama\anaconda3\Lib\uu.py first seen with mtime 1613730521.0
File C:\Users\Usama\Desktop\property-managment\venv\Lib\site-packages\django\contrib\admin\__init__.py first seen with mtime 1634727768.7574084
File C:\Users\Usama\Desktop\property-managment\venv\Lib\site-packages\django\db\models\query_utils.py first seen with mtime 1634727771.8176343
File C:\Users\Usama\Desktop\property-managment\venv\Lib\site-packages\celery\utils\dispatch\signal.py first seen with mtime 1637235530.7498586
File C:\Users\Usama\Desktop\property-managment\account\admin.py first seen with mtime 1636460846.3166814
File C:\Users\Usama\Desktop\property-managment\venv\Lib\site-packages\django\db\backends\utils.py first seen with mtime 1634727771.750657
File C:\Users\Usama\Desktop\property-managment\venv\Lib\site-packages\django\core\checks\security\base.py first seen with mtime 1634727771.6916747
File C:\Users\Usama\Desktop\property-managment\venv\Lib\site-packages\django\apps\registry.py first seen with mtime 1634727768.3535366
File C:\Users\Usama\Desktop\property-managment\venv\Lib\site-packages\django\core\checks\urls.py first seen with mtime 1634727771.6886756
File C:\Users\Usama\Desktop\property-managment\venv\Lib\site-packages\django\contrib\admin\templatetags\log.py first seen with mtime 1634727769.3492172
File C:\Users\Usama\Desktop\property-managment\venv\Lib\site-packages\django\db\models\fields\related.py first seen with mtime 1634727771.824632
File C:\Users\Usama\anaconda3\Lib\encodings\utf_8.py first seen with mtime 1613730521.0
File C:\Users\Usama\Desktop\property-managment\venv\Lib\site-packages\django\db\models\functions\comparison.py first seen with mtime 1634727771.8296304
File C:\Users\Usama\anaconda3\Lib\sre_constants.py first seen with mtime 1613730521.0
File C:\Users\Usama\anaconda3\Lib\_bootlocale.py first seen with mtime 1613730521.0
File C:\Users\Usama\anaconda3\Lib\decimal.py first seen with mtime 1613730521.0
File C:\Users\Usama\Desktop\property-managment\venv\Lib\site-packages\sqlparse\formatter.py first seen with mtime 1634727768.0366387
File C:\Users\Usama\Desktop\property-managment\venv\Lib\site-packages\sqlparse\lexer.py first seen with mtime 1634727768.038638
File C:\Users\Usama\Desktop\property-managment\venv\Lib\site-packages\django\template\loaders\base.py first seen with mtime 1634727771.9355965
File C:\Users\Usama\Desktop\property-managment\venv\Lib\site-packages\sqlparse\utils.py first seen with mtime 1634727768.040637
File C:\Users\Usama\Desktop\property-managment\venv\Lib\site-packages\celery\app\builtins.py first seen with mtime 1637235530.6588874
File C:\Users\Usama\Desktop\property-managment\venv\Lib\site-packages\django\template\context.py first seen with mtime 1634727771.9206011
File C:\Users\Usama\anaconda3\Lib\stat.py first seen with mtime 1613730521.0
File C:\Users\Usama\Desktop\property-managment\venv\Lib\site-packages\django\db\models\utils.py first seen with mtime 1634727771.8196337
File C:\Users\Usama\Desktop\property-managment\venv\Lib\site-packages\django\forms\widgets.py first seen with mtime 1634727771.8556225
File C:\Users\Usama\Desktop\property-managment\venv\Lib\site-packages\psycopg2\_psycopg.cp38-win_amd64.pyd first seen with mtime 1634730089.8307834
File C:\Users\Usama\Desktop\property-managment\venv\Lib\site-packages\amqp\method_framing.py first seen with mtime 1637235528.0577145
File C:\Users\Usama\anaconda3\Lib\asyncio\base_subprocess.py first seen with mtime 1613730521.0
File C:\Users\Usama\Desktop\property-managment\venv\Lib\site-packages\django\core\checks\translation.py first seen with mtime 1634727771.6886756
File C:\Users\Usama\anaconda3\DLLs\_hashlib.pyd first seen with mtime 1618344531.0
File C:\Users\Usama\Desktop\property-managment\venv\Lib\site-packages\django\db\models\sql\__init__.py first seen with mtime 1634727771.8346288
File C:\Users\Usama\anaconda3\Lib\email\base64mime.py first seen with mtime 1613730521.0
File C:\Users\Usama\anaconda3\Lib\dis.py first seen with mtime 1613730521.0
File C:\Users\Usama\Desktop\property-managment\venv\Lib\site-packages\django\utils\deprecation.py first seen with mtime 1634727771.9675863
File C:\Users\Usama\Desktop\property-managment\venv\Lib\site-packages\django\contrib\sites\admin.py first seen with mtime 1634727771.2837982
File C:\Users\Usama\Desktop\property-managment\venv\Lib\site-packages\django\contrib\auth\signals.py first seen with mtime 1634727769.5634692
File C:\Users\Usama\Desktop\property-managment\venv\Lib\site-packages\django\utils\formats.py first seen with mtime 1634727771.970585
File C:\Users\Usama\anaconda3\Lib\asyncio\locks.py first seen with mtime 1613730521.0
File C:\Users\Usama\Desktop\property-managment\venv\Lib\site-packages\amqp\serialization.py first seen with mtime 1637235528.0597136
File C:\Users\Usama\Desktop\property-managment\venv\Lib\site-packages\pytz\tzinfo.py first seen with mtime 1634727767.462823
File C:\Users\Usama\anaconda3\Lib\json\encoder.py first seen with mtime 1613730521.0
File C:\Users\Usama\Desktop\property-managment\venv\Lib\site-packages\django\core\servers\basehttp.py first seen with mtime 1634727771.7446582
File C:\Users\Usama\Desktop\property-managment\venv\Lib\site-packages\django\db\backends\base\__init__.py first seen with mtime 1634727771.750657
File C:\Users\Usama\Desktop\property-managment\venv\Lib\site-packages\django\db\backends\postgresql\client.py first seen with mtime 1634727771.7786465
File C:\Users\Usama\anaconda3\Lib\asyncio\log.py first seen with mtime 1613730521.0
File C:\Users\Usama\Desktop\property-managment\venv\Lib\site-packages\django\db\models\functions\mixins.py first seen with mtime 1634727771.8316298
File C:\Users\Usama\Desktop\property-managment\venv\Lib\site-packages\vine\abstract.py first seen with mtime 1637235527.9637446
File C:\Users\Usama\Desktop\property-managment\venv\Lib\site-packages\django\views\generic\__init__.py first seen with mtime 1634727772.0065742
File C:\Users\Usama\anaconda3\Lib\queue.py first seen with mtime 1613730521.0
File C:\Users\Usama\anaconda3\DLLs\_overlapped.pyd first seen with mtime 1618344526.0
File C:\Users\Usama\Desktop\property-managment\venv\Lib\site-packages\amqp\connection.py first seen with mtime 1637235528.0547154
File C:\Users\Usama\anaconda3\DLLs\_asyncio.pyd first seen with mtime 1618344522.0
File C:\Users\Usama\Desktop\property-managment\venv\Lib\site-packages\django\template\exceptions.py first seen with mtime 1634727771.9246
File C:\Users\Usama\anaconda3\Lib\unittest\__init__.py first seen with mtime 1613730521.0
File C:\Users\Usama\Desktop\property-managment\account\__init__.py first seen with mtime 1636401699.7957294
File C:\Users\Usama\anaconda3\Lib\_sitebuiltins.py first seen with mtime 1613730521.0
File C:\Users\Usama\Desktop\property-managment\venv\Lib\site-packages\django\contrib\messages\__init__.py first seen with mtime 1634727770.6949868
File C:\Users\Usama\Desktop\property-managment\venv\Lib\site-packages\django\db\models\expressions.py first seen with mtime 1634727771.8126364
File C:\Users\Usama\anaconda3\Lib\urllib\__init__.py first seen with mtime 1613730521.0
File C:\Users\Usama\Desktop\property-managment\venv\Lib\site-packages\django\contrib\sites\management.py first seen with mtime 1634727771.2867973
File C:\Users\Usama\anaconda3\Lib\concurrent\__init__.py first seen with mtime 1613730521.0
File C:\Users\Usama\Desktop\property-managment\venv\Lib\site-packages\click\exceptions.py first seen with mtime 1637235527.4149191
File C:\Users\Usama\Desktop\property-managment\venv\Lib\site-packages\django\utils\dates.py first seen with mtime 1634727771.9635875
File C:\Users\Usama\Desktop\property-managment\venv\Lib\site-packages\django\contrib\admin\apps.py first seen with mtime 1634727768.7584074
File C:\Users\Usama\Desktop\property-managment\venv\Lib\site-packages\django\template\engine.py first seen with mtime 1634727771.9236002
File C:\Users\Usama\Desktop\property-managment\venv\Lib\site-packages\django\core\management\color.py first seen with mtime 1634727771.715667
File C:\Users\Usama\anaconda3\Lib\asyncio\streams.py first seen with mtime 1613730521.0
File C:\Users\Usama\Desktop\property-managment\account\urls.py first seen with mtime 1637250677.845261
File C:\Users\Usama\anaconda3\Lib\csv.py first seen with mtime 1613730521.0
File C:\Users\Usama\Desktop\property-managment\venv\Lib\site-packages\django\db\backends\base\features.py first seen with mtime 1634727771.7546544
File C:\Users\Usama\Desktop\property-managment\venv\Lib\site-packages\django\db\models\fields\related_descriptors.py first seen with mtime 1634727771.8256316
File C:\Users\Usama\Desktop\property-managment\venv\Lib\site-packages\django\contrib\sessions\models.py first seen with mtime 1634727771.0678673
File C:\Users\Usama\Desktop\property-managment\venv\Lib\site-packages\django\contrib\staticfiles\__init__.py first seen with mtime 1634727771.649689
File C:\Users\Usama\anaconda3\Lib\numbers.py first seen with mtime 1613730521.0
File C:\Users\Usama\Desktop\property-managment\venv\Lib\site-packages\django\core\checks\security\__init__.py first seen with mtime 1634727771.690675
File C:\Users\Usama\Desktop\property-managment\venv\Lib\site-packages\django\utils\regex_helper.py first seen with mtime 1634727771.980582
File C:\Users\Usama\anaconda3\Lib\email\headerregistry.py first seen with mtime 1613730521.0
File C:\Users\Usama\anaconda3\Lib\hashlib.py first seen with mtime 1613730521.0
File C:\Users\Usama\Desktop\property-managment\venv\Lib\site-packages\celery\app\backends.py first seen with mtime 1637235530.6578877
File C:\Users\Usama\anaconda3\Lib\asyncio\trsock.py first seen with mtime 1613730521.0
File C:\Users\Usama\Desktop\property-managment\venv\Lib\site-packages\kombu\utils\objects.py first seen with mtime 1637235528.2786443
File C:\Users\Usama\Desktop\property-managment\venv\Lib\site-packages\django\template\loaders\__init__.py first seen with mtime 1634727771.9345968
File C:\Users\Usama\Desktop\property-managment\venv\Lib\site-packages\django\templatetags\tz.py first seen with mtime 1634727771.9425943
File C:\Users\Usama\Desktop\property-managment\venv\Lib\site-packages\django\utils\connection.py first seen with mtime 1634727771.9605885
File C:\Users\Usama\Desktop\property-managment\venv\Lib\site-packages\django\core\checks\database.py first seen with mtime 1634727771.6846774
File C:\Users\Usama\Desktop\property-managment\account\tasks.py first seen with mtime 1637762505.558462
File C:\Users\Usama\anaconda3\Lib\base64.py first seen with mtime 1613730521.0
File C:\Users\Usama\Desktop\property-managment\venv\Lib\site-packages\django\contrib\staticfiles\finders.py first seen with mtime 1634727771.6526878
File C:\Users\Usama\Desktop\property-managment\venv\Lib\site-packages\django\views\generic\detail.py first seen with mtime 1634727772.008573
File C:\Users\Usama\Desktop\property-managment\venv\Lib\site-packages\celery\utils\__init__.py first seen with mtime 1637235530.7318635
File C:\Users\Usama\Desktop\property-managment\venv\Lib\site-packages\six.py first seen with mtime 1637235530.5769134
File C:\Users\Usama\anaconda3\Lib\bz2.py first seen with mtime 1613730521.0
File C:\Users\Usama\Desktop\property-managment\venv\Lib\site-packages\django\core\handlers\__init__.py first seen with mtime 1634727771.701672
File C:\Users\Usama\Desktop\property-managment\venv\Lib\site-packages\django\core\serializers\python.py first seen with mtime 1634727771.7416587
File C:\Users\Usama\anaconda3\Lib\http\server.py first seen with mtime 1613730521.0
File C:\Users\Usama\Desktop\property-managment\venv\Lib\site-packages\django\utils\topological_sort.py first seen with mtime 1634727771.984581
File C:\Users\Usama\Desktop\property-managment\venv\Lib\site-packages\celery\utils\text.py first seen with mtime 1637235530.7428608
File C:\Users\Usama\anaconda3\Lib\glob.py first seen with mtime 1613730521.0
File C:\Users\Usama\Desktop\property-managment\venv\Lib\site-packages\click\parser.py first seen with mtime 1637235527.4179184
File C:\Users\Usama\Desktop\property-managment\venv\Lib\site-packages\django\utils\duration.py first seen with mtime 1634727771.968586
File C:\Users\Usama\Desktop\property-managment\venv\Lib\site-packages\django\core\cache\backends\__init__.py first seen with mtime 1634727771.6766803
File C:\Users\Usama\anaconda3\Lib\urllib\parse.py first seen with mtime 1613730521.0
File C:\Users\Usama\Desktop\property-managment\venv\Lib\site-packages\colorama\__init__.py first seen with mtime 1637235527.3312435
File C:\Users\Usama\Desktop\property-managment\venv\Lib\site-packages\django\contrib\auth\backends.py first seen with mtime 1634727769.5544715
File C:\Users\Usama\Desktop\property-managment\property\views.py first seen with mtime 1637056496.4364905
File C:\Users\Usama\Desktop\property-managment\venv\Lib\site-packages\celery\local.py first seen with mtime 1637235530.64889
File C:\Users\Usama\Desktop\property-managment\venv\Lib\site-packages\celery\utils\threads.py first seen with mtime 1637235530.7438605
File C:\Users\Usama\anaconda3\Lib\concurrent\futures\_base.py first seen with mtime 1613730521.0
File C:\Users\Usama\Desktop\property-managment\venv\Lib\site-packages\django\contrib\contenttypes\__init__.py first seen with mtime 1634727769.8142698
File C:\Users\Usama\Desktop\property-managment\venv\Lib\site-packages\django\forms\forms.py first seen with mtime 1634727771.8456273
File C:\Users\Usama\anaconda3\Lib\asyncio\proactor_events.py first seen with mtime 1613730521.0
File C:\Users\Usama\Desktop\property-managment\venv\Lib\site-packages\kombu\connection.py first seen with mtime 1637235528.232659
File C:\Users\Usama\anaconda3\Lib\asyncio\constants.py first seen with mtime 1613730521.0
File C:\Users\Usama\Desktop\property-managment\venv\Lib\site-packages\django\template\autoreload.py first seen with mtime 1634727771.9186018
File C:\Users\Usama\Desktop\property-managment\venv\Lib\site-packages\django\contrib\admin\templatetags\base.py first seen with mtime 1634727769.3482175
File C:\Users\Usama\Desktop\property-managment\venv\Lib\site-packages\django\views\debug.py first seen with mtime 1634727771.9945774
File C:\Users\Usama\anaconda3\Lib\posixpath.py first seen with mtime 1613730521.0
File C:\Users\Usama\Desktop\property-managment\venv\Lib\site-packages\celery\app\defaults.py first seen with mtime 1637235530.6608863
File C:\Users\Usama\anaconda3\Lib\platform.py first seen with mtime 1618343759.0
File C:\Users\Usama\Desktop\property-managment\venv\Lib\site-packages\django\contrib\sessions\exceptions.py first seen with mtime 1634727771.0668676
File C:\Users\Usama\Desktop\property-managment\venv\Lib\site-packages\django\middleware\__init__.py first seen with mtime 1634727771.9096048
File C:\Users\Usama\Desktop\property-managment\venv\Lib\site-packages\django\contrib\staticfiles\handlers.py first seen with mtime 1634727771.6556866
File C:\Users\Usama\anaconda3\Lib\email\mime\message.py first seen with mtime 1613730521.0
File C:\Users\Usama\Desktop\property-managment\venv\Lib\site-packages\pytz\lazy.py first seen with mtime 1634727767.4598234
File C:\Users\Usama\Desktop\property-managment\venv\Lib\site-packages\sqlparse\cli.py first seen with mtime 1634727768.034639
File C:\Users\Usama\Desktop\property-managment\venv\Lib\site-packages\billiard\compat.py first seen with mtime 1637235527.6528754
File C:\Users\Usama\Desktop\property-managment\venv\Lib\site-packages\sqlparse\exceptions.py first seen with mtime 1634727768.0366387
File C:\Users\Usama\Desktop\property-managment\account\apps.py first seen with mtime 1636401699.7652247
File C:\Users\Usama\Desktop\property-managment\venv\Lib\site-packages\django\template\smartif.py first seen with mtime 1634727771.9285984
File C:\Users\Usama\Desktop\property-managment\venv\Lib\site-packages\django\contrib\messages\apps.py first seen with mtime 1634727770.6969862
File C:\Users\Usama\Desktop\property-managment\venv\Lib\site-packages\celery\utils\collections.py first seen with mtime 1637235530.7328634
File C:\Users\Usama\Desktop\property-managment\venv\Lib\site-packages\click\_winconsole.py first seen with mtime 1637235527.41292
File C:\Users\Usama\Desktop\property-managment\venv\Lib\site-packages\django\templatetags\__init__.py first seen with mtime 1634727771.9385953
File C:\Users\Usama\Desktop\property-managment\venv\Lib\site-packages\django\core\management\__init__.py first seen with mtime 1634727771.7136679
File C:\Users\Usama\Desktop\property-managment\venv\Lib\site-packages\django\db\models\manager.py first seen with mtime 1634727771.8146353
File C:\Users\Usama\Desktop\property-managment\venv\Lib\site-packages\django\contrib\admin\exceptions.py first seen with mtime 1634727768.7614067
File C:\Users\Usama\Desktop\property-managment\venv\Lib\site-packages\amqp\abstract_channel.py first seen with mtime 1637235528.0527167
File C:\Users\Usama\Desktop\property-managment\venv\Lib\site-packages\django\core\checks\registry.py first seen with mtime 1634727771.686677
File C:\Users\Usama\Desktop\property-managment\venv\Lib\site-packages\django\db\models\fields\mixins.py first seen with mtime 1634727771.8226328
File C:\Users\Usama\Desktop\property-managment\venv\Lib\site-packages\django\urls\base.py first seen with mtime 1634727771.9505916
File C:\Users\Usama\Desktop\property-managment\venv\Lib\site-packages\celery\app\annotations.py first seen with mtime 1637235530.655888
File C:\Users\Usama\anaconda3\Lib\asyncio\protocols.py first seen with mtime 1613730521.0
File C:\Users\Usama\Desktop\property-managment\venv\Lib\site-packages\django\contrib\auth\decorators.py first seen with mtime 1634727769.5584707
File C:\Users\Usama\Desktop\property-managment\venv\Lib\site-packages\asgiref\local.py first seen with mtime 1634727767.3282716
File C:\Users\Usama\Desktop\property-managment\venv\Lib\site-packages\django\dispatch\__init__.py first seen with mtime 1634727771.8406267
File C:\Users\Usama\Desktop\property-managment\venv\Lib\site-packages\sqlparse\filters\__init__.py first seen with mtime 1634727768.0456355
File C:\Users\Usama\Desktop\property-managment\venv\Lib\site-packages\django\contrib\admin\templatetags\admin_urls.py first seen with mtime 1634727769.3472178
File C:\Users\Usama\Desktop\property-managment\venv\Lib\site-packages\celery\app\base.py first seen with mtime 1637235530.6588874
File C:\Users\Usama\Desktop\property-managment\venv\Lib\site-packages\django\template\loader.py first seen with mtime 1634727771.9265997
File C:\Users\Usama\anaconda3\Lib\ctypes\_endian.py first seen with mtime 1613730521.0
File C:\Users\Usama\Desktop\property-managment\venv\Lib\site-packages\django\views\generic\dates.py first seen with mtime 1634727772.0075734
File C:\Users\Usama\Desktop\property-managment\venv\Lib\site-packages\colorama\win32.py first seen with mtime 1637235527.3352282
File C:\Users\Usama\Desktop\property-managment\venv\Lib\site-packages\django\core\checks\security\csrf.py first seen with mtime 1634727771.6926744
File C:\Users\Usama\anaconda3\Lib\concurrent\futures\thread.py first seen with mtime 1613730521.0
File C:\Users\Usama\anaconda3\Lib\pickle.py first seen with mtime 1613730521.0
File C:\Users\Usama\Desktop\property-managment\venv\Lib\site-packages\django\forms\utils.py first seen with mtime 1634727771.853623
File C:\Users\Usama\Desktop\property-managment\venv\Lib\site-packages\sqlparse\engine\statement_splitter.py first seen with mtime 1634727768.0446358
File C:\Users\Usama\Desktop\property-managment\venv\Lib\site-packages\django\views\decorators\__init__.py first seen with mtime 1634727771.9975765
File C:\Users\Usama\Desktop\property-managment\venv\Lib\site-packages\kombu\utils\compat.py first seen with mtime 1637235528.2726464
File C:\Users\Usama\anaconda3\Lib\warnings.py first seen with mtime 1613730521.0
File C:\Users\Usama\anaconda3\Lib\nturl2path.py first seen with mtime 1613730521.0
File C:\Users\Usama\Desktop\property-managment\venv\Lib\site-packages\django\utils\autoreload.py first seen with mtime 1634727771.9575899
File C:\Users\Usama\Desktop\property-managment\venv\Lib\site-packages\django\db\migrations\__init__.py first seen with mtime 1634727771.7896433
File C:\Users\Usama\Desktop\property-managment\venv\Lib\site-packages\django\conf\__init__.py first seen with mtime 1634727768.3555357
File C:\Users\Usama\Desktop\property-managment\venv\Lib\site-packages\django\core\serializers\json.py first seen with mtime 1634727771.7396598
File C:\Users\Usama\Desktop\property-managment\venv\Lib\site-packages\django\db\__init__.py first seen with mtime 1634727771.7456574
File C:\Users\Usama\anaconda3\Lib\gettext.py first seen with mtime 1613730521.0
File C:\Users\Usama\anaconda3\Lib\email\__init__.py first seen with mtime 1613730521.0
File C:\Users\Usama\Desktop\property-managment\venv\Lib\site-packages\psycopg2\extras.py first seen with mtime 1634730089.8367803
File C:\Users\Usama\Desktop\property-managment\venv\Lib\site-packages\django\utils\cache.py first seen with mtime 1634727771.959589
File C:\Users\Usama\Desktop\property-managment\venv\Lib\site-packages\django\contrib\staticfiles\checks.py first seen with mtime 1634727771.651688
File C:\Users\Usama\Desktop\property-managment\venv\Lib\site-packages\psycopg2\errorcodes.py first seen with mtime 1634730089.833782
File C:\Users\Usama\Desktop\property-managment\venv\Lib\site-packages\django\conf\urls\__init__.py first seen with mtime 1634727768.7494118
File C:\Users\Usama\anaconda3\Lib\importlib\machinery.py first seen with mtime 1613730521.0
File C:\Users\Usama\Desktop\property-managment\venv\Lib\site-packages\celery\utils\abstract.py first seen with mtime 1637235530.7318635
File C:\Users\Usama\Desktop\property-managment\venv\Lib\site-packages\django\db\models\fields\related_lookups.py first seen with mtime 1634727771.8266313
File C:\Users\Usama\Desktop\property-managment\venv\Lib\site-packages\django\views\static.py first seen with mtime 1634727771.9965773
File C:\Users\Usama\Desktop\property-managment\propertymanagement\celery.py first seen with mtime 1637598871.4106658
File C:\Users\Usama\anaconda3\Lib\unittest\case.py first seen with mtime 1613730521.0
File C:\Users\Usama\Desktop\property-managment\propertymanagement\__init__.py first seen with mtime 1637598895.5214028
File C:\Users\Usama\Desktop\property-managment\venv\Lib\site-packages\django\db\backends\ddl_references.py first seen with mtime 1634727771.748657
File C:\Users\Usama\Desktop\property-managment\venv\Lib\site-packages\django\utils\_os.py first seen with mtime 1634727771.9555898
File C:\Users\Usama\anaconda3\Lib\email\encoders.py first seen with mtime 1613730521.0
File C:\Users\Usama\Desktop\property-managment\venv\Lib\site-packages\django\utils\deconstruct.py first seen with mtime 1634727771.9665868
File C:\Users\Usama\anaconda3\Lib\site.py first seen with mtime 1613730521.0
File C:\Users\Usama\Desktop\property-managment\venv\Lib\site-packages\django\core\serializers\base.py first seen with mtime 1634727771.7396598
File C:\Users\Usama\Desktop\property-managment\venv\Lib\site-packages\django\contrib\sites\models.py first seen with mtime 1634727771.2887967
File C:\Users\Usama\anaconda3\Lib\concurrent\futures\__init__.py first seen with mtime 1613730521.0
File C:\Users\Usama\Desktop\property-managment\venv\Lib\site-packages\django\contrib\admin\templatetags\__init__.py first seen with mtime 1634727769.3452182
File C:\Users\Usama\Desktop\property-managment\venv\Lib\site-packages\psycopg2\_ipaddress.py first seen with mtime 1634730089.8117886
File C:\Users\Usama\anaconda3\Lib\bisect.py first seen with mtime 1613730521.0
File C:\Users\Usama\Desktop\property-managment\venv\Lib\site-packages\psycopg2\extensions.py first seen with mtime 1634730089.8357952
File C:\Users\Usama\Desktop\property-managment\venv\Lib\site-packages\django\core\__init__.py first seen with mtime 1634727771.6696818
File C:\Users\Usama\anaconda3\Lib\collections\__init__.py first seen with mtime 1613730521.0
File C:\Users\Usama\Desktop\property-managment\venv\Lib\site-packages\amqp\utils.py first seen with mtime 1637235528.062713
File C:\Users\Usama\anaconda3\Lib\asyncio\staggered.py first seen with mtime 1613730521.0
File C:\Users\Usama\Desktop\property-managment\venv\Lib\site-packages\django\utils\hashable.py first seen with mtime 1634727771.9725845
File C:\Users\Usama\Desktop\property-managment\venv\Lib\site-packages\django\views\generic\edit.py first seen with mtime 1634727772.0095727
File C:\Users\Usama\Desktop\property-managment\venv\Lib\site-packages\celery\utils\serialization.py first seen with mtime 1637235530.7408614
File C:\Users\Usama\Desktop\property-managment\venv\Lib\site-packages\django\core\files\temp.py first seen with mtime 1634727771.6986728
File C:\Users\Usama\Desktop\property-managment\venv\Lib\site-packages\django\db\models\fields\reverse_related.py first seen with mtime 1634727771.827631
File C:\Users\Usama\Desktop\property-managment\venv\Lib\site-packages\django\db\models\lookups.py first seen with mtime 1634727771.8146353
File C:\Users\Usama\Desktop\property-managment\venv\Lib\site-packages\django\contrib\admin\views\main.py first seen with mtime 1634727769.3522165
File C:\Users\Usama\anaconda3\Lib\multiprocessing\context.py first seen with mtime 1613730521.0
File C:\Users\Usama\Desktop\property-managment\venv\Lib\site-packages\django\db\backends\postgresql\operations.py first seen with mtime 1634727771.781646
File C:\Users\Usama\anaconda3\Lib\cgi.py first seen with mtime 1613730521.0
File C:\Users\Usama\Desktop\property-managment\venv\Lib\site-packages\django\contrib\auth\admin.py first seen with mtime 1634727769.552472
File C:\Users\Usama\Desktop\property-managment\venv\Lib\site-packages\django\middleware\csrf.py first seen with mtime 1634727771.912604
File C:\Users\Usama\Desktop\property-managment\venv\Lib\site-packages\django\core\files\utils.py first seen with mtime 1634727771.700672
File C:\Users\Usama\anaconda3\Lib\lzma.py first seen with mtime 1613730521.0
File C:\Users\Usama\anaconda3\Lib\email\policy.py first seen with mtime 1613730521.0
File C:\Users\Usama\Desktop\property-managment\venv\Lib\site-packages\django\contrib\contenttypes\checks.py first seen with mtime 1634727769.8162694
File C:\Users\Usama\anaconda3\Lib\tokenize.py first seen with mtime 1613730521.0
File C:\Users\Usama\Desktop\property-managment\venv\Lib\site-packages\django\db\backends\base\validation.py first seen with mtime 1634727771.7586536
File C:\Users\Usama\Desktop\property-managment\venv\Lib\site-packages\sqlparse\filters\reindent.py first seen with mtime 1634727768.0496342
File C:\Users\Usama\anaconda3\Lib\copyreg.py first seen with mtime 1613730521.0
File C:\Users\Usama\Desktop\property-managment\venv\Lib\site-packages\celery\app\__init__.py first seen with mtime 1637235530.6538887
File C:\Users\Usama\anaconda3\Lib\locale.py first seen with mtime 1613730521.0
File C:\Users\Usama\Desktop\property-managment\venv\Lib\site-packages\vine\utils.py first seen with mtime 1637235527.9667437
File C:\Users\Usama\Desktop\property-managment\venv\Lib\site-packages\django\utils\module_loading.py first seen with mtime 1634727771.9785826
File C:\Users\Usama\Desktop\property-managment\venv\Lib\site-packages\billiard\context.py first seen with mtime 1637235527.654843
File C:\Users\Usama\Desktop\property-managment\venv\Lib\site-packages\sqlparse\tokens.py first seen with mtime 1634727768.0396378
File C:\Users\Usama\Desktop\property-managment\venv\Lib\site-packages\django\db\backends\base\client.py first seen with mtime 1634727771.752655
File C:\Users\Usama\Desktop\property-managment\venv\Lib\site-packages\django\forms\models.py first seen with mtime 1634727771.848626
File C:\Users\Usama\Desktop\property-managment\venv\Lib\site-packages\psycopg2\_range.py first seen with mtime 1634730089.8327816
File C:\Users\Usama\anaconda3\Lib\urllib\error.py first seen with mtime 1613730521.0
File C:\Users\Usama\Desktop\property-managment\venv\Lib\site-packages\django\urls\conf.py first seen with mtime 1634727771.9515915
File C:\Users\Usama\Desktop\property-managment\venv\Lib\site-packages\psycopg2\__init__.py first seen with mtime 1634730089.810789
File C:\Users\Usama\Desktop\property-managment\venv\Lib\site-packages\django\core\cache\utils.py first seen with mtime 1634727771.6766803
File C:\Users\Usama\anaconda3\Lib\asyncio\__init__.py first seen with mtime 1613730521.0
File C:\Users\Usama\anaconda3\Lib\json\scanner.py first seen with mtime 1613730521.0
File C:\Users\Usama\Desktop\property-managment\venv\Lib\site-packages\django\db\migrations\state.py first seen with mtime 1634727771.7996404
File C:\Users\Usama\Desktop\property-managment\venv\Lib\site-packages\django\urls\utils.py first seen with mtime 1634727771.9545908
File C:\Users\Usama\Desktop\property-managment\venv\Lib\site-packages\kombu\transport\__init__.py first seen with mtime 1637235528.255652
File C:\Users\Usama\anaconda3\Lib\opcode.py first seen with mtime 1613730521.0
File C:\Users\Usama\Desktop\property-managment\venv\Lib\site-packages\pytz\exceptions.py first seen with mtime 1634727767.4598234
File C:\Users\Usama\Desktop\property-managment\venv\Lib\site-packages\celery\utils\objects.py first seen with mtime 1637235530.7398615
File C:\Users\Usama\Desktop\property-managment\venv\Lib\site-packages\django\db\models\aggregates.py first seen with mtime 1634727771.8076375
File C:\Users\Usama\Desktop\property-managment\venv\Lib\site-packages\django\db\models\constraints.py first seen with mtime 1634727771.8096375
File C:\Users\Usama\anaconda3\Lib\http\__init__.py first seen with mtime 1613730521.0
File C:\Users\Usama\Desktop\property-managment\venv\Lib\site-packages\click\formatting.py first seen with mtime 1637235527.4159188
File C:\Users\Usama\anaconda3\Lib\email\iterators.py first seen with mtime 1613730521.0
File C:\Users\Usama\anaconda3\Lib\unittest\result.py first seen with mtime 1613730521.0
File C:\Users\Usama\Desktop\property-managment\venv\Lib\site-packages\django\views\decorators\csrf.py first seen with mtime 1634727772.0005758
File C:\Users\Usama\anaconda3\Lib\quopri.py first seen with mtime 1613730521.0
File C:\Users\Usama\Desktop\property-managment\venv\Lib\site-packages\django\core\cache\backends\locmem.py first seen with mtime 1634727771.6806784
File C:\Users\Usama\Desktop\property-managment\venv\Lib\site-packages\amqp\spec.py first seen with mtime 1637235528.0607133
File C:\Users\Usama\Desktop\property-managment\venv\Lib\site-packages\django\core\serializers\__init__.py first seen with mtime 1634727771.7386594
File C:\Users\Usama\Desktop\property-managment\venv\Lib\site-packages\django\db\models\fields\proxy.py first seen with mtime 1634727771.8236327
File C:\Users\Usama\Desktop\property-managment\venv\Lib\site-packages\colorama\ansitowin32.py first seen with mtime 1637235527.3332334
File C:\Users\Usama\Desktop\property-managment\venv\Lib\site-packages\django\contrib\admin\utils.py first seen with mtime 1634727768.7704034
File C:\Users\Usama\Desktop\property-managment\venv\Lib\site-packages\django\contrib\auth\__init__.py first seen with mtime 1634727769.552472
File C:\Users\Usama\Desktop\property-managment\venv\Lib\site-packages\kombu\utils\imports.py first seen with mtime 1637235528.276645
File C:\Users\Usama\Desktop\property-managment\venv\Lib\site-packages\django\core\handlers\base.py first seen with mtime 1634727771.7026713
File C:\Users\Usama\Desktop\property-managment\venv\Lib\site-packages\django\db\migrations\operations\base.py first seen with mtime 1634727771.802639
File C:\Users\Usama\anaconda3\Lib\operator.py first seen with mtime 1613730521.0
File C:\Users\Usama\Desktop\property-managment\venv\Lib\site-packages\django\utils\dateparse.py first seen with mtime 1634727771.9635875
File C:\Users\Usama\anaconda3\Lib\asyncio\tasks.py first seen with mtime 1613730521.0
File C:\Users\Usama\anaconda3\Lib\_weakrefset.py first seen with mtime 1613730521.0
File C:\Users\Usama\Desktop\property-managment\venv\Lib\site-packages\django\db\models\sql\datastructures.py first seen with mtime 1634727771.8366282
File C:\Users\Usama\Desktop\property-managment\venv\Lib\site-packages\billiard\exceptions.py first seen with mtime 1637235527.6558423
File C:\Users\Usama\Desktop\property-managment\venv\Lib\site-packages\django\contrib\admin\templatetags\admin_list.py first seen with mtime 1634727769.346218
File C:\Users\Usama\Desktop\property-managment\venv\Lib\site-packages\kombu\utils\div.py first seen with mtime 1637235528.273646
File C:\Users\Usama\anaconda3\Lib\asyncio\selector_events.py first seen with mtime 1613730521.0
File C:\Users\Usama\anaconda3\Lib\linecache.py first seen with mtime 1613730521.0
File C:\Users\Usama\Desktop\property-managment\venv\Lib\site-packages\django\core\management\commands\__init__.py first seen with mtime 1634727771.7186666
File C:\Users\Usama\anaconda3\Lib\logging\handlers.py first seen with mtime 1613730521.0
File C:\Users\Usama\Desktop\property-managment\venv\Lib\site-packages\django\core\cache\backends\base.py first seen with mtime 1634727771.6776788
File C:\Users\Usama\Desktop\property-managment\account\forms.py first seen with mtime 1637686065.9620726
File C:\Users\Usama\Desktop\property-managment\venv\Lib\site-packages\django\db\backends\signals.py first seen with mtime 1634727771.7496564
File C:\Users\Usama\anaconda3\Lib\shutil.py first seen with mtime 1613730521.0
File C:\Users\Usama\Desktop\property-managment\venv\Lib\site-packages\django\db\models\functions\__init__.py first seen with mtime 1634727771.8286307
File C:\Users\Usama\anaconda3\Lib\email\feedparser.py first seen with mtime 1613730521.0
File C:\Users\Usama\anaconda3\Lib\unittest\main.py first seen with mtime 1613730521.0
File C:\Users\Usama\Desktop\property-managment\venv\Lib\site-packages\django\utils\termcolors.py first seen with mtime 1634727771.9815817
File C:\Users\Usama\Desktop\property-managment\venv\Lib\site-packages\django\forms\renderers.py first seen with mtime 1634727771.8516238
File C:\Users\Usama\Desktop\property-managment\venv\Lib\site-packages\amqp\transport.py first seen with mtime 1637235528.0617132
File C:\Users\Usama\Desktop\property-managment\venv\Lib\site-packages\django\template\backends\__init__.py first seen with mtime 1634727771.9295983
File C:\Users\Usama\Desktop\property-managment\venv\Lib\site-packages\django\db\models\fields\json.py first seen with mtime 1634727771.8226328
File C:\Users\Usama\Desktop\property-managment\venv\Lib\site-packages\django\utils\translation\__init__.py first seen with mtime 1634727771.98858
File C:\Users\Usama\Desktop\property-managment\venv\Lib\site-packages\django\core\checks\security\sessions.py first seen with mtime 1634727771.6926744
File C:\Users\Usama\Desktop\property-managment\venv\Lib\site-packages\django\views\i18n.py first seen with mtime 1634727771.9955773
File C:\Users\Usama\Desktop\property-managment\venv\Lib\site-packages\django\db\models\functions\text.py first seen with mtime 1634727771.8326294
File C:\Users\Usama\anaconda3\Lib\socket.py first seen with mtime 1613730521.0
File C:\Users\Usama\Desktop\property-managment\venv\Lib\site-packages\django\db\models\signals.py first seen with mtime 1634727771.8186343
File C:\Users\Usama\Desktop\property-managment\venv\Lib\site-packages\django\utils\itercompat.py first seen with mtime 1634727771.9765835
File C:\Users\Usama\Desktop\property-managment\venv\Lib\site-packages\django\template\response.py first seen with mtime 1634727771.927599
File C:\Users\Usama\Desktop\property-managment\venv\Lib\site-packages\django\utils\log.py first seen with mtime 1634727771.977583
File C:\Users\Usama\Desktop\property-managment\dashboard\admin.py first seen with mtime 1634728331.8110287
File C:\Users\Usama\Desktop\property-managment\account\views.py first seen with mtime 1637698902.5632832
File C:\Users\Usama\anaconda3\Lib\encodings\aliases.py first seen with mtime 1613730521.0
File C:\Users\Usama\anaconda3\Lib\unittest\runner.py first seen with mtime 1613730521.0
File C:\Users\Usama\Desktop\property-managment\venv\Lib\site-packages\django\core\paginator.py first seen with mtime 1634727771.671681
File C:\Users\Usama\Desktop\property-managment\venv\Lib\site-packages\django\db\models\functions\datetime.py first seen with mtime 1634727771.8296304
File C:\Users\Usama\Desktop\property-managment\venv\Lib\site-packages\django\http\multipartparser.py first seen with mtime 1634727771.9066062
File C:\Users\Usama\Desktop\property-managment\venv\Lib\site-packages\django\contrib\contenttypes\admin.py first seen with mtime 1634727769.8152692
File C:\Users\Usama\Desktop\property-managment\account\tokens.py first seen with mtime 1637247625.2075362
File C:\Users\Usama\Desktop\property-managment\venv\Lib\site-packages\django\template\defaultfilters.py first seen with mtime 1634727771.9216008
File C:\Users\Usama\Desktop\property-managment\venv\Lib\site-packages\django\core\management\base.py first seen with mtime 1634727771.714667
File C:\Users\Usama\Desktop\property-managment\venv\Lib\site-packages\django\db\models\sql\where.py first seen with mtime 1634727771.8396275
File C:\Users\Usama\Desktop\property-managment\venv\Lib\site-packages\django\contrib\admin\filters.py first seen with mtime 1634727768.762406
File C:\Users\Usama\anaconda3\Lib\email\charset.py first seen with mtime 1613730521.0
File C:\Users\Usama\Desktop\property-managment\venv\Lib\site-packages\django\db\models\options.py first seen with mtime 1634727771.8166351
File C:\Users\Usama\anaconda3\Lib\_collections_abc.py first seen with mtime 1613730521.0
File C:\Users\Usama\anaconda3\Lib\functools.py first seen with mtime 1613730521.0
File C:\Users\Usama\anaconda3\Lib\__future__.py first seen with mtime 1613730521.0
File C:\Users\Usama\anaconda3\Lib\email\mime\text.py first seen with mtime 1613730521.0
File C:\Users\Usama\Desktop\property-managment\venv\Lib\site-packages\amqp\exceptions.py first seen with mtime 1637235528.055715
File C:\Users\Usama\Desktop\property-managment\venv\Lib\site-packages\django\contrib\auth\management\__init__.py first seen with mtime 1634727769.798275
File C:\Users\Usama\Desktop\property-managment\venv\Lib\site-packages\kombu\clocks.py first seen with mtime 1637235528.22966
File C:\Users\Usama\anaconda3\Lib\threading.py first seen with mtime 1613730521.0
File C:\Users\Usama\Desktop\property-managment\venv\Lib\site-packages\celery\platforms.py first seen with mtime 1637235530.6498897
File C:\Users\Usama\Desktop\property-managment\venv\Lib\site-packages\django\core\management\commands\runserver.py first seen with mtime 1634727771.7296624
File C:\Users\Usama\Desktop\property-managment\venv\Lib\site-packages\click\decorators.py first seen with mtime 1637235527.4149191
File C:\Users\Usama\Desktop\property-managment\venv\Lib\site-packages\celery\signals.py first seen with mtime 1637235530.6528893
File C:\Users\Usama\Desktop\property-managment\venv\Lib\site-packages\django\db\models\fields\files.py first seen with mtime 1634727771.8216329
File C:\Users\Usama\Desktop\property-managment\venv\Lib\site-packages\django\contrib\admin\models.py first seen with mtime 1634727768.7664044
File C:\Users\Usama\Desktop\property-managment\venv\Lib\site-packages\django\forms\boundfield.py first seen with mtime 1634727771.8436327
File C:\Users\Usama\Desktop\property-managment\venv\Lib\site-packages\django\db\models\sql\query.py first seen with mtime 1634727771.8386278
File C:\Users\Usama\Desktop\property-managment\venv\Lib\site-packages\django\utils\encoding.py first seen with mtime 1634727771.9695857
File C:\Users\Usama\anaconda3\Lib\asyncio\base_futures.py first seen with mtime 1613730521.0
File C:\Users\Usama\Desktop\property-managment\venv\Lib\site-packages\django\db\migrations\operations\__init__.py first seen with mtime 1634727771.801639
File C:\Users\Usama\Desktop\property-managment\venv\Lib\site-packages\django\contrib\contenttypes\forms.py first seen with mtime 1634727769.8182683
File C:\Users\Usama\Desktop\property-managment\venv\Lib\site-packages\django\contrib\auth\apps.py first seen with mtime 1634727769.5534718
File C:\Users\Usama\Desktop\property-managment\venv\Lib\site-packages\django\templatetags\static.py first seen with mtime 1634727771.9415946
File C:\Users\Usama\Desktop\property-managment\venv\Lib\site-packages\django\conf\global_settings.py first seen with mtime 1634727768.3565361
File C:\Users\Usama\Desktop\property-managment\venv\Lib\site-packages\django\contrib\sessions\backends\__init__.py first seen with mtime 1634727771.0698667
File C:\Users\Usama\Desktop\property-managment\venv\Lib\site-packages\django\middleware\cache.py first seen with mtime 1634727771.9106045
File C:\Users\Usama\Desktop\property-managment\venv\Lib\site-packages\django\contrib\staticfiles\utils.py first seen with mtime 1634727771.661685
File C:\Users\Usama\Desktop\property-managment\venv\Lib\site-packages\celery\utils\nodenames.py first seen with mtime 1637235530.7388618
File C:\Users\Usama\Desktop\property-managment\venv\Lib\site-packages\asgiref\__init__.py first seen with mtime 1634727767.325272
File C:\Users\Usama\Desktop\property-managment\venv\Lib\site-packages\django\db\migrations\operations\fields.py first seen with mtime 1634727771.8036392
File C:\Users\Usama\Desktop\property-managment\venv\Lib\site-packages\django\core\checks\model_checks.py first seen with mtime 1634727771.686677
File C:\Users\Usama\Desktop\property-managment\venv\Lib\site-packages\django\utils\lorem_ipsum.py first seen with mtime 1634727771.9785826
File C:\Users\Usama\anaconda3\Lib\importlib\util.py first seen with mtime 1613730521.0
File C:\Users\Usama\Desktop\property-managment\venv\Lib\site-packages\django\utils\safestring.py first seen with mtime 1634727771.9815817
File C:\Users\Usama\Desktop\property-managment\venv\Lib\site-packages\django\db\backends\postgresql\creation.py first seen with mtime 1634727771.7796464
File C:\Users\Usama\Desktop\property-managment\venv\Lib\site-packages\django\templatetags\cache.py first seen with mtime 1634727771.9395952
File C:\Users\Usama\Desktop\property-managment\dashboard\__init__.py first seen with mtime 1634728331.8591702
File C:\Users\Usama\Desktop\property-managment\venv\Lib\site-packages\django\template\defaulttags.py first seen with mtime 1634727771.9236002
File C:\Users\Usama\anaconda3\Lib\token.py first seen with mtime 1613730521.0
File C:\Users\Usama\Desktop\property-managment\manage.py first seen with mtime 1637695430.7022266
File C:\Users\Usama\anaconda3\Lib\asyncio\sslproto.py first seen with mtime 1613730521.0
File C:\Users\Usama\Desktop\property-managment\venv\Lib\site-packages\django\urls\exceptions.py first seen with mtime 1634727771.9525914
File C:\Users\Usama\Desktop\property-managment\venv\Lib\site-packages\sqlparse\engine\__init__.py first seen with mtime 1634727768.0416367
File C:\Users\Usama\Desktop\property-managment\venv\Lib\site-packages\django\contrib\contenttypes\fields.py first seen with mtime 1634727769.8172688
File C:\Users\Usama\anaconda3\Lib\email\_header_value_parser.py first seen with mtime 1613730521.0
File C:\Users\Usama\anaconda3\Lib\uuid.py first seen with mtime 1613730521.0
File C:\Users\Usama\Desktop\property-managment\dashboard\urls.py first seen with mtime 1636404862.8771367
File C:\Users\Usama\Desktop\property-managment\venv\Lib\site-packages\django\contrib\auth\checks.py first seen with mtime 1634727769.556471
File C:\Users\Usama\Desktop\property-managment\venv\Lib\site-packages\django\utils\decorators.py first seen with mtime 1634727771.9675863
File C:\Users\Usama\Desktop\property-managment\venv\Lib\site-packages\django\db\models\fields\__init__.py first seen with mtime 1634727771.820634
File C:\Users\Usama\Desktop\property-managment\venv\Lib\site-packages\django\db\models\functions\math.py first seen with mtime 1634727771.83063
File C:\Users\Usama\anaconda3\Lib\mimetypes.py first seen with mtime 1613730521.0
File C:\Users\Usama\anaconda3\Lib\multiprocessing\reduction.py first seen with mtime 1613730521.0
File C:\Users\Usama\anaconda3\Lib\pathlib.py first seen with mtime 1613730521.0
File C:\Users\Usama\Desktop\property-managment\venv\Lib\site-packages\django\apps\__init__.py first seen with mtime 1634727768.352537
File C:\Users\Usama\Desktop\property-managment\venv\Lib\site-packages\django\urls\resolvers.py first seen with mtime 1634727771.9535906
File C:\Users\Usama\Desktop\property-managment\venv\Lib\site-packages\django\db\backends\base\schema.py first seen with mtime 1634727771.7576542
File C:\Users\Usama\Desktop\property-managment\venv\Lib\site-packages\kombu\exceptions.py first seen with mtime 1637235528.2346585
File C:\Users\Usama\Desktop\property-managment\venv\Lib\site-packages\django\conf\urls\static.py first seen with mtime 1634727768.754411
File C:\Users\Usama\Desktop\property-managment\venv\Lib\site-packages\django\contrib\auth\middleware.py first seen with mtime 1634727769.5604696
File C:\Users\Usama\Desktop\property-managment\venv\Lib\site-packages\django\views\decorators\cache.py first seen with mtime 1634727771.9975765
File C:\Users\Usama\anaconda3\Lib\email\contentmanager.py first seen with mtime 1613730521.0
File C:\Users\Usama\Desktop\property-managment\venv\Lib\site-packages\psycopg2\_json.py first seen with mtime 1634730089.812788
File C:\Users\Usama\Desktop\property-managment\venv\Lib\site-packages\django\utils\http.py first seen with mtime 1634727771.9735847
File C:\Users\Usama\anaconda3\Lib\encodings\__init__.py first seen with mtime 1613730521.0
File C:\Users\Usama\anaconda3\Lib\ipaddress.py first seen with mtime 1613730521.0
File C:\Users\Usama\Desktop\property-managment\venv\Lib\site-packages\django\contrib\staticfiles\apps.py first seen with mtime 1634727771.6506884
File C:\Users\Usama\Desktop\property-managment\venv\Lib\site-packages\kombu\common.py first seen with mtime 1637235528.22966
File C:\Users\Usama\Desktop\property-managment\venv\Lib\site-packages\django\db\backends\base\operations.py first seen with mtime 1634727771.7566545
File C:\Users\Usama\anaconda3\Lib\email\_parseaddr.py first seen with mtime 1613730521.0
File C:\Users\Usama\Desktop\property-managment\account\models.py first seen with mtime 1636460935.6037562
File C:\Users\Usama\anaconda3\Lib\copy.py first seen with mtime 1613730521.0
File C:\Users\Usama\anaconda3\Lib\socketserver.py first seen with mtime 1613730521.0
File C:\Users\Usama\Desktop\property-managment\venv\Lib\site-packages\django\db\models\constants.py first seen with mtime 1634727771.8086376
File C:\Users\Usama\Desktop\property-managment\property\__init__.py first seen with mtime 1634729311.8642642
File C:\Users\Usama\anaconda3\Lib\asyncio\queues.py first seen with mtime 1613730521.0
File C:\Users\Usama\anaconda3\Lib\datetime.py first seen with mtime 1613730521.0
File C:\Users\Usama\anaconda3\Lib\html\parser.py first seen with mtime 1613730521.0
File C:\Users\Usama\Desktop\property-managment\venv\Lib\site-packages\django\views\defaults.py first seen with mtime 1634727771.9945774
File C:\Users\Usama\anaconda3\Lib\ctypes\__init__.py first seen with mtime 1618343766.0
File C:\Users\Usama\anaconda3\Lib\email\errors.py first seen with mtime 1613730521.0
File C:\Users\Usama\Desktop\property-managment\venv\Lib\site-packages\django\contrib\admin\decorators.py first seen with mtime 1634727768.7604063
File C:\Users\Usama\anaconda3\Lib\_markupbase.py first seen with mtime 1613730521.0
File C:\Users\Usama\anaconda3\Lib\wsgiref\simple_server.py first seen with mtime 1613730521.0
File C:\Users\Usama\Desktop\property-managment\venv\Lib\site-packages\django\core\files\images.py first seen with mtime 1634727771.6956732
File C:\Users\Usama\Desktop\property-managment\venv\Lib\site-packages\kombu\utils\functional.py first seen with mtime 1637235528.275646
File C:\Users\Usama\Desktop\property-managment\venv\Lib\site-packages\django\utils\crypto.py first seen with mtime 1634727771.9605885
File C:\Users\Usama\Desktop\property-managment\venv\Lib\site-packages\celery\loaders\base.py first seen with mtime 1637235530.7258658
File C:\Users\Usama\Desktop\property-managment\venv\Lib\site-packages\django\utils\translation\trans_real.py first seen with mtime 1634727771.9915788
File C:\Users\Usama\anaconda3\Lib\email\header.py first seen with mtime 1613730521.0
File C:\Users\Usama\anaconda3\Lib\asyncio\base_tasks.py first seen with mtime 1613730521.0
File C:\Users\Usama\Desktop\property-managment\venv\Lib\site-packages\asgiref\compatibility.py first seen with mtime 1634727767.3272903
File C:\Users\Usama\anaconda3\Lib\os.py first seen with mtime 1613730521.0
File C:\Users\Usama\Desktop\property-managment\venv\Lib\site-packages\django\db\models\sql\subqueries.py first seen with mtime 1634727771.8386278
File C:\Users\Usama\Desktop\property-managment\venv\Lib\site-packages\django\contrib\admin\helpers.py first seen with mtime 1634727768.7654052
File C:\Users\Usama\anaconda3\Lib\contextvars.py first seen with mtime 1613730521.0
File C:\Users\Usama\Desktop\property-managment\dashboard\apps.py first seen with mtime 1634728331.8230207
File C:\Users\Usama\Desktop\property-managment\venv\Lib\site-packages\django\core\files\move.py first seen with mtime 1634727771.6966732
File C:\Users\Usama\Desktop\property-managment\venv\Lib\site-packages\django\template\loader_tags.py first seen with mtime 1634727771.927599
File C:\Users\Usama\anaconda3\Lib\importlib\__init__.py first seen with mtime 1613730521.0
File C:\Users\Usama\anaconda3\Lib\encodings\cp1252.py first seen with mtime 1613730521.0
File C:\Users\Usama\anaconda3\Lib\http\client.py first seen with mtime 1613730521.0
File C:\Users\Usama\anaconda3\Lib\selectors.py first seen with mtime 1613730521.0
File C:\Users\Usama\Desktop\property-managment\venv\Lib\site-packages\celery\utils\imports.py first seen with mtime 1637235530.7368622
File C:\Users\Usama\Desktop\property-managment\venv\Lib\site-packages\django\core\mail\__init__.py first seen with mtime 1634727771.7046707
File C:\Users\Usama\anaconda3\Lib\distutils\version.py first seen with mtime 1613730521.0
File C:\Users\Usama\Desktop\property-managment\venv\Lib\site-packages\django\contrib\contenttypes\apps.py first seen with mtime 1634727769.8152692
File C:\Users\Usama\Desktop\property-managment\venv\Lib\site-packages\django\template\__init__.py first seen with mtime 1634727771.917602
File C:\Users\Usama\Desktop\property-managment\venv\Lib\site-packages\django\contrib\staticfiles\management\commands\__init__.py first seen with mtime 1634727771.6636841
File C:\Users\Usama\anaconda3\Lib\asyncio\windows_events.py first seen with mtime 1613730521.0
File C:\Users\Usama\Desktop\property-managment\venv\Lib\site-packages\kombu\utils\uuid.py first seen with mtime 1637235528.2816434
File C:\Users\Usama\anaconda3\Lib\unittest\async_case.py first seen with mtime 1613730521.0
File C:\Users\Usama\Desktop\property-managment\venv\Lib\site-packages\django\db\migrations\utils.py first seen with mtime 1634727771.7996404
File C:\Users\Usama\Desktop\property-managment\venv\Lib\site-packages\django\templatetags\i18n.py first seen with mtime 1634727771.9405947
File C:\Users\Usama\Desktop\property-managment\propertymanagement\urls.py first seen with mtime 1636790404.1291091
File C:\Users\Usama\Desktop\property-managment\venv\Lib\site-packages\django\contrib\admin\views\autocomplete.py first seen with mtime 1634727769.350217
File C:\Users\Usama\Desktop\property-managment\venv\Lib\site-packages\django\core\handlers\wsgi.py first seen with mtime 1634727771.7046707
File C:\Users\Usama\Desktop\property-managment\venv\Lib\site-packages\django\db\utils.py first seen with mtime 1634727771.7466574
File C:\Users\Usama\Desktop\property-managment\venv\Lib\site-packages\django\utils\functional.py first seen with mtime 1634727771.9715848
File C:\Users\Usama\Desktop\property-managment\venv\Lib\site-packages\click\__init__.py first seen with mtime 1637235527.4089212
File C:\Users\Usama\anaconda3\DLLs\_lzma.pyd first seen with mtime 1618344547.0
File C:\Users\Usama\Desktop\property-managment\venv\Lib\site-packages\django\db\models\base.py first seen with mtime 1634727771.8086376
File C:\Users\Usama\anaconda3\Lib\email\mime\nonmultipart.py first seen with mtime 1613730521.0
File C:\Users\Usama\Desktop\property-managment\venv\Lib\site-packages\amqp\platform.py first seen with mtime 1637235528.0577145
File C:\Users\Usama\anaconda3\Lib\email\utils.py first seen with mtime 1613730521.0
File C:\Users\Usama\Desktop\property-managment\venv\Lib\site-packages\django\contrib\auth\password_validation.py first seen with mtime 1634727769.562469
File C:\Users\Usama\Desktop\property-managment\venv\Lib\site-packages\django\utils\ipv6.py first seen with mtime 1634727771.9755838
File C:\Users\Usama\Desktop\property-managment\venv\Lib\site-packages\django\contrib\auth\hashers.py first seen with mtime 1634727769.5604696
File C:\Users\Usama\Desktop\property-managment\venv\Lib\site-packages\django\core\signing.py first seen with mtime 1634727771.6736805
File C:\Users\Usama\anaconda3\Lib\email\_encoded_words.py first seen with mtime 1613730521.0
File C:\Users\Usama\Desktop\property-managment\venv\Lib\site-packages\django\template\backends\base.py first seen with mtime 1634727771.930598
File C:\Users\Usama\anaconda3\Lib\collections\abc.py first seen with mtime 1613730521.0
File C:\Users\Usama\Desktop\property-managment\venv\Lib\site-packages\django\db\migrations\operations\special.py first seen with mtime 1634727771.8046384
File C:\Users\Usama\Desktop\property-managment\venv\Lib\site-packages\django\contrib\contenttypes\management\__init__.py first seen with mtime 1634727770.007208
File C:\Users\Usama\Desktop\property-managment\venv\Lib\site-packages\django\contrib\messages\storage\__init__.py first seen with mtime 1634727770.7009852
File C:\Users\Usama\Desktop\property-managment\venv\Lib\site-packages\colorama\initialise.py first seen with mtime 1637235527.3342285
File C:\Users\Usama\anaconda3\Lib\reprlib.py first seen with mtime 1613730521.0
File C:\Users\Usama\Desktop\property-managment\venv\Lib\site-packages\kombu\utils\url.py first seen with mtime 1637235528.2816434
File C:\Users\Usama\anaconda3\Lib\genericpath.py first seen with mtime 1613730521.0
File C:\Users\Usama\anaconda3\DLLs\_ssl.pyd first seen with mtime 1618344533.0
File C:\Users\Usama\Desktop\property-managment\venv\Lib\site-packages\django\forms\formsets.py first seen with mtime 1634727771.8476253
File C:\Users\Usama\Desktop\property-managment\venv\Lib\site-packages\django\utils\baseconv.py first seen with mtime 1634727771.9585893
File C:\Users\Usama\Desktop\property-managment\venv\Lib\site-packages\django\contrib\admin\sites.py first seen with mtime 1634727768.768404
File C:\Users\Usama\anaconda3\Lib\_compat_pickle.py first seen with mtime 1613730521.0
File C:\Users\Usama\Desktop\property-managment\venv\Lib\site-packages\amqp\channel.py first seen with mtime 1637235528.0547154
File C:\Users\Usama\Desktop\property-managment\venv\Lib\site-packages\psycopg2\errors.py first seen with mtime 1634730089.8347816
File C:\Users\Usama\anaconda3\Lib\logging\__init__.py first seen with mtime 1613730521.0
File C:\Users\Usama\Desktop\property-managment\property\apps.py first seen with mtime 1634729311.860262
File C:\Users\Usama\Desktop\property-managment\venv\Lib\site-packages\celery\utils\iso8601.py first seen with mtime 1637235530.737862
File C:\Users\Usama\Desktop\property-managment\propertymanagement\settings.py first seen with mtime 1637766017.4780626
File C:\Users\Usama\Desktop\property-managment\venv\Lib\site-packages\celery\utils\term.py first seen with mtime 1637235530.7418609
File C:\Users\Usama\anaconda3\Lib\email\mime\base.py first seen with mtime 1613730521.0
File C:\Users\Usama\Desktop\property-managment\venv\Lib\site-packages\celery\loaders\__init__.py first seen with mtime 1637235530.7248664
File C:\Users\Usama\anaconda3\Lib\getpass.py first seen with mtime 1613730521.0
File C:\Users\Usama\Desktop\property-managment\templates\accounts first seen with mtime 1637240197.1862552
File C:\Users\Usama\Desktop\property-managment\templates\add_property.html first seen with mtime 1636994090.9834125
File C:\Users\Usama\Desktop\property-managment\templates\ajax-form.html first seen with mtime 1637064615.7523403
File C:\Users\Usama\Desktop\property-managment\templates\base.html first seen with mtime 1636992203.7503655
File C:\Users\Usama\Desktop\property-managment\templates\components first seen with mtime 1636114130.9496472
File C:\Users\Usama\Desktop\property-managment\templates\dashboard.html first seen with mtime 1637068889.26688
File C:\Users\Usama\Desktop\property-managment\templates\properties.html first seen with mtime 1636713903.7691119
File C:\Users\Usama\Desktop\property-managment\templates\property_detail.html first seen with mtime 1635964594.7484522
File C:\Users\Usama\Desktop\property-managment\templates\update.html first seen with mtime 1637089463.158907
File C:\Users\Usama\Desktop\property-managment\templates\accounts\acc_active_email.html first seen with mtime 1637240246.6101944
File C:\Users\Usama\Desktop\property-managment\templates\accounts\login.html first seen with mtime 1636399033.4189074
File C:\Users\Usama\Desktop\property-managment\templates\accounts\logout.html first seen with mtime 1636396348.817
File C:\Users\Usama\Desktop\property-managment\templates\accounts\register.html first seen with mtime 1636485903.9070816
File C:\Users\Usama\Desktop\property-managment\templates\components\basecss.html first seen with mtime 1636992138.4139216
File C:\Users\Usama\Desktop\property-managment\templates\components\basejs.html first seen with mtime 1636114051.2623205
File C:\Users\Usama\Desktop\property-managment\templates\components\sidebar.html first seen with mtime 1636471179.148765
File C:\Users\Usama\Desktop\property-managment\templates\components\topnav.html first seen with mtime 1636375921.6758056
File C:\Users\Usama\Desktop\property-managment\property\migrations\0004_property_user.py first seen with mtime 1636353239.2455232
File C:\Users\Usama\Desktop\property-managment\venv\Lib\site-packages\django\middleware\common.py first seen with mtime 1634727771.9116044
File C:\Users\Usama\Desktop\property-managment\venv\Lib\site-packages\django\contrib\admin\migrations\__init__.py first seen with mtime 1634727769.1992655
File C:\Users\Usama\Desktop\property-managment\venv\Lib\site-packages\django\contrib\sites\migrations\__init__.py first seen with mtime 1634727771.6486895
File C:\Users\Usama\Desktop\property-managment\venv\Lib\site-packages\django\contrib\sites\migrations\0002_alter_domain_unique.py first seen with mtime 1634727771.647689
File C:\Users\Usama\Desktop\property-managment\propertymanagement\wsgi.py first seen with mtime 1637698106.8405614
File C:\Users\Usama\Desktop\property-managment\venv\Lib\site-packages\PIL\TiffTags.py first seen with mtime 1636450597.6956792
File C:\Users\Usama\Desktop\property-managment\venv\Lib\site-packages\django\contrib\admin\migrations\0003_logentry_add_action_flag_choices.py first seen with mtime 1634727769.1992655
File C:\Users\Usama\Desktop\property-managment\account\migrations\0001_initial.py first seen with mtime 1636452250.170281
File C:\Users\Usama\Desktop\property-managment\venv\Lib\site-packages\django\contrib\admin\migrations\0002_logentry_remove_auto_add.py first seen with mtime 1634727769.197266
File C:\Users\Usama\Desktop\property-managment\venv\Lib\site-packages\django\contrib\auth\migrations\0012_alter_user_first_name_max_length.py first seen with mtime 1634727769.810271
File C:\Users\Usama\Desktop\property-managment\venv\Lib\site-packages\django\contrib\auth\migrations\0002_alter_permission_name_max_length.py first seen with mtime 1634727769.8022735
File C:\Users\Usama\Desktop\property-managment\venv\Lib\site-packages\django\db\migrations\recorder.py first seen with mtime 1634727771.7976406
File C:\Users\Usama\Desktop\property-managment\property\migrations\0003_alter_property_files.py first seen with mtime 1636198290.981512
File C:\Users\Usama\Desktop\property-managment\venv\Lib\site-packages\PIL\__init__.py first seen with mtime 1636450597.7006776
File C:\Users\Usama\Desktop\property-managment\venv\Lib\site-packages\django\middleware\clickjacking.py first seen with mtime 1634727771.9106045
File C:\Users\Usama\Desktop\property-managment\venv\Lib\site-packages\django\db\migrations\loader.py first seen with mtime 1634727771.7946417
File C:\Users\Usama\Desktop\property-managment\venv\Lib\site-packages\django\db\migrations\executor.py first seen with mtime 1634727771.793642
File C:\Users\Usama\Desktop\property-managment\venv\Lib\site-packages\django\contrib\sessions\backends\db.py first seen with mtime 1634727771.0738654
File C:\Users\Usama\Desktop\property-managment\venv\Lib\site-packages\django\contrib\sites\migrations\0001_initial.py first seen with mtime 1634727771.647689
File C:\Users\Usama\Desktop\property-managment\venv\Lib\site-packages\django\contrib\auth\migrations\0005_alter_user_last_login_null.py first seen with mtime 1634727769.8052726
File C:\Users\Usama\anaconda3\Lib\encodings\idna.py first seen with mtime 1613730521.0
File C:\Users\Usama\Desktop\property-managment\venv\Lib\site-packages\django\contrib\auth\migrations\0007_alter_validators_add_error_messages.py first seen with mtime 1634727769.8062723
File C:\Users\Usama\Desktop\property-managment\venv\Lib\site-packages\PIL\_version.py first seen with mtime 1636450597.7466626
File C:\Users\Usama\Desktop\property-managment\venv\Lib\site-packages\django\contrib\auth\migrations\__init__.py first seen with mtime 1634727769.8112707
File C:\Users\Usama\Desktop\property-managment\dashboard\migrations\__init__.py first seen with mtime 1634728331.861182
File C:\Users\Usama\Desktop\property-managment\venv\Lib\site-packages\django\contrib\auth\migrations\0011_update_proxy_permissions.py first seen with mtime 1634727769.809271
File C:\Users\Usama\Desktop\property-managment\property\migrations\0005_remove_property_user.py first seen with mtime 1636458059.1166236
File C:\Users\Usama\Desktop\property-managment\venv\Lib\site-packages\django\contrib\auth\migrations\0004_alter_user_username_opts.py first seen with mtime 1634727769.804273
File C:\Users\Usama\Desktop\property-managment\venv\Lib\site-packages\django\contrib\contenttypes\migrations\__init__.py first seen with mtime 1634727770.0122063
File C:\Users\Usama\Desktop\property-managment\account\migrations\0002_alter_account_is_active.py first seen with mtime 1636460400.1350343
File C:\Users\Usama\Desktop\property-managment\account\migrations\0003_auto_20211109_1727.py first seen with mtime 1636460873.8620064
File C:\Users\Usama\Desktop\property-managment\venv\Lib\site-packages\PIL\_util.py first seen with mtime 1636450597.745663
File C:\Users\Usama\Desktop\property-managment\property\migrations\__init__.py first seen with mtime 1634729311.8682606
File C:\Users\Usama\Desktop\property-managment\venv\Lib\site-packages\django\contrib\messages\middleware.py first seen with mtime 1634727770.6989858
File C:\Users\Usama\Desktop\property-managment\venv\Lib\site-packages\PIL\_binary.py first seen with mtime 1636450597.7046788
File C:\Users\Usama\Desktop\property-managment\venv\Lib\site-packages\django\contrib\admin\migrations\0001_initial.py first seen with mtime 1634727769.197266
File C:\Users\Usama\Desktop\property-managment\property\migrations\0006_propertyuser.py first seen with mtime 1636563237.9315991
File C:\Users\Usama\Desktop\property-managment\venv\Lib\site-packages\django\contrib\auth\migrations\0001_initial.py first seen with mtime 1634727769.8012738
File C:\Users\Usama\Desktop\property-managment\venv\Lib\site-packages\PIL\ImageMode.py first seen with mtime 1636450597.6513467
File C:\Users\Usama\Desktop\property-managment\venv\Lib\site-packages\django\contrib\auth\migrations\0008_alter_user_username_max_length.py first seen with mtime 1634727769.8072722
File C:\Users\Usama\Desktop\property-managment\venv\Lib\site-packages\django\contrib\auth\migrations\0010_alter_group_name_max_length.py first seen with mtime 1634727769.809271
File C:\Users\Usama\Desktop\property-managment\venv\Lib\site-packages\django\contrib\sessions\migrations\__init__.py first seen with mtime 1634727771.2758005
File C:\Users\Usama\Desktop\property-managment\property\migrations\0002_auto_20211106_0045.py first seen with mtime 1636141509.152037
File C:\Users\Usama\Desktop\property-managment\venv\Lib\site-packages\PIL\Image.py first seen with mtime 1636450597.641368
File C:\Users\Usama\Desktop\property-managment\venv\Lib\site-packages\PIL\_imaging.cp38-win_amd64.pyd first seen with mtime 1636450597.7266688
File C:\Users\Usama\Desktop\property-managment\venv\Lib\site-packages\django\contrib\auth\migrations\0003_alter_user_email_max_length.py first seen with mtime 1634727769.8032732
File C:\Users\Usama\Desktop\property-managment\venv\Lib\site-packages\django\contrib\contenttypes\migrations\0001_initial.py first seen with mtime 1634727770.0102065
File C:\Users\Usama\anaconda3\Lib\stringprep.py first seen with mtime 1613730521.0
File C:\Users\Usama\Desktop\property-managment\property\migrations\0001_initial.py first seen with mtime 1634729546.1427279
File C:\Users\Usama\Desktop\property-managment\account\migrations\__init__.py first seen with mtime 1636401699.7967422
File C:\Users\Usama\Desktop\property-managment\venv\Lib\site-packages\django\contrib\auth\migrations\0009_alter_user_last_name_max_length.py first seen with mtime 1634727769.8082714
File C:\Users\Usama\Desktop\property-managment\venv\Lib\site-packages\django\db\models\sql\compiler.py first seen with mtime 1634727771.8356287
File C:\Users\Usama\Desktop\property-managment\venv\Lib\site-packages\django\contrib\auth\migrations\0006_require_contenttypes_0002.py first seen with mtime 1634727769.8062723
File C:\Users\Usama\Desktop\property-managment\venv\Lib\site-packages\django\contrib\sessions\migrations\0001_initial.py first seen with mtime 1634727771.274802
File C:\Users\Usama\Desktop\property-managment\venv\Lib\site-packages\django\db\migrations\graph.py first seen with mtime 1634727771.793642
File C:\Users\Usama\Desktop\property-managment\venv\Lib\site-packages\django\contrib\contenttypes\migrations\0002_remove_content_type_name.py first seen with mtime 1634727770.0112069
File C:\Users\Usama\Desktop\property-managment\propertymanagement\settings.py previous mtime: 1637766017.4780626, current mtime: 1637928704.919908
C:\Users\Usama\Desktop\property-managment\propertymanagement\settings.py notified as changed. Signal results: [(<function template_changed at 0x000002631B27D430>, None), (<function translation_file_changed at 0x000002631BAD84C0>, None)].
C:\Users\Usama\Desktop\property-managment\propertymanagement\settings.py changed, reloading.
